{"meta": {"format": 3, "version": "7.13.0", "timestamp": "2026-01-12T20:50:36.871246", "branch_coverage": true, "show_contexts": false}, "files": {"src/jdo/ai/agent.py": {"executed_lines": [1, 3, 5, 7, 8, 9, 11, 12, 15, 101, 102, 103, 108, 109, 112, 114, 123, 124, 125, 126, 128, 134, 135, 138, 144, 145, 148, 162, 167, 169, 171, 172, 175], "summary": {"covered_lines": 31, "num_statements": 32, "percent_covered": 97.36842105263158, "percent_covered_display": "97", "missing_lines": 1, "excluded_lines": 0, "percent_statements_covered": 96.875, "percent_statements_covered_display": "97", "num_branches": 6, "num_partial_branches": 0, "covered_branches": 6, "missing_branches": 0, "percent_branches_covered": 100.0, "percent_branches_covered_display": "100"}, "missing_lines": [177], "excluded_lines": [], "executed_branches": [[123, 124], [123, 126], [134, -128], [134, 135], [167, 169], [167, 172]], "missing_branches": [], "functions": {"JDODependencies.set_available_hours": {"executed_lines": [123, 124, 125, 126], "summary": {"covered_lines": 4, "num_statements": 4, "percent_covered": 100.0, "percent_covered_display": "100", "missing_lines": 0, "excluded_lines": 0, "percent_statements_covered": 100.0, "percent_statements_covered_display": "100", "num_branches": 2, "num_partial_branches": 0, "covered_branches": 2, "missing_branches": 0, "percent_branches_covered": 100.0, "percent_branches_covered_display": "100"}, "missing_lines": [], "excluded_lines": [], "executed_branches": [[123, 124], [123, 126]], "missing_branches": []}, "JDODependencies.deduct_hours": {"executed_lines": [134, 135], "summary": {"covered_lines": 2, "num_statements": 2, "percent_covered": 100.0, "percent_covered_display": "100", "missing_lines": 0, "excluded_lines": 0, "percent_statements_covered": 100.0, "percent_statements_covered_display": "100", "num_branches": 2, "num_partial_branches": 0, "covered_branches": 2, "missing_branches": 0, "percent_branches_covered": 100.0, "percent_branches_covered_display": "100"}, "missing_lines": [], "excluded_lines": [], "executed_branches": [[134, -128], [134, 135]], "missing_branches": []}, "get_model_identifier": {"executed_lines": [144, 145], "summary": {"covered_lines": 2, "num_statements": 2, "percent_covered": 100.0, "percent_covered_display": "100", "missing_lines": 0, "excluded_lines": 0, "percent_statements_covered": 100.0, "percent_statements_covered_display": "100", "num_branches": 0, "num_partial_branches": 0, "covered_branches": 0, "missing_branches": 0, "percent_branches_covered": 100.0, "percent_branches_covered_display": "100"}, "missing_lines": [], "excluded_lines": [], "executed_branches": [], "missing_branches": []}, "create_agent_with_model": {"executed_lines": [162, 167, 169, 171, 172], "summary": {"covered_lines": 5, "num_statements": 5, "percent_covered": 100.0, "percent_covered_display": "100", "missing_lines": 0, "excluded_lines": 0, "percent_statements_covered": 100.0, "percent_statements_covered_display": "100", "num_branches": 2, "num_partial_branches": 0, "covered_branches": 2, "missing_branches": 0, "percent_branches_covered": 100.0, "percent_branches_covered_display": "100"}, "missing_lines": [], "excluded_lines": [], "executed_branches": [[167, 169], [167, 172]], "missing_branches": []}, "create_agent": {"executed_lines": [], "summary": {"covered_lines": 0, "num_statements": 1, "percent_covered": 0.0, "percent_covered_display": "0", "missing_lines": 1, "excluded_lines": 0, "percent_statements_covered": 0.0, "percent_statements_covered_display": "0", "num_branches": 0, "num_partial_branches": 0, "covered_branches": 0, "missing_branches": 0, "percent_branches_covered": 100.0, "percent_branches_covered_display": "100"}, "missing_lines": [177], "excluded_lines": [], "executed_branches": [], "missing_branches": []}, "": {"executed_lines": [1, 3, 5, 7, 8, 9, 11, 12, 15, 101, 102, 103, 108, 109, 112, 114, 128, 138, 148, 175], "summary": {"covered_lines": 18, "num_statements": 18, "percent_covered": 100.0, "percent_covered_display": "100", "missing_lines": 0, "excluded_lines": 0, "percent_statements_covered": 100.0, "percent_statements_covered_display": "100", "num_branches": 0, "num_partial_branches": 0, "covered_branches": 0, "missing_branches": 0, "percent_branches_covered": 100.0, "percent_branches_covered_display": "100"}, "missing_lines": [], "excluded_lines": [], "executed_branches": [], "missing_branches": []}}, "classes": {"JDODependencies": {"executed_lines": [123, 124, 125, 126, 134, 135], "summary": {"covered_lines": 6, "num_statements": 6, "percent_covered": 100.0, "percent_covered_display": "100", "missing_lines": 0, "excluded_lines": 0, "percent_statements_covered": 100.0, "percent_statements_covered_display": "100", "num_branches": 4, "num_partial_branches": 0, "covered_branches": 4, "missing_branches": 0, "percent_branches_covered": 100.0, "percent_branches_covered_display": "100"}, "missing_lines": [], "excluded_lines": [], "executed_branches": [[123, 124], [123, 126], [134, -128], [134, 135]], "missing_branches": []}, "": {"executed_lines": [1, 3, 5, 7, 8, 9, 11, 12, 15, 101, 102, 103, 108, 109, 112, 114, 128, 138, 144, 145, 148, 162, 167, 169, 171, 172, 175], "summary": {"covered_lines": 25, "num_statements": 26, "percent_covered": 96.42857142857143, "percent_covered_display": "96", "missing_lines": 1, "excluded_lines": 0, "percent_statements_covered": 96.15384615384616, "percent_statements_covered_display": "96", "num_branches": 2, "num_partial_branches": 0, "covered_branches": 2, "missing_branches": 0, "percent_branches_covered": 100.0, "percent_branches_covered_display": "100"}, "missing_lines": [177], "excluded_lines": [], "executed_branches": [[167, 169], [167, 172]], "missing_branches": []}}}, "src/jdo/ai/context.py": {"executed_lines": [1, 7, 9, 10, 12, 13, 15, 16, 19, 22, 71, 77, 80, 89, 95, 104, 107, 122, 125, 126, 129, 130, 131, 136, 147, 149, 150, 151, 152, 154, 155, 156, 157, 160, 163, 184, 185, 186, 189, 190, 191, 192], "summary": {"covered_lines": 41, "num_statements": 42, "percent_covered": 96.42857142857143, "percent_covered_display": "96", "missing_lines": 1, "excluded_lines": 0, "percent_statements_covered": 97.61904761904762, "percent_statements_covered_display": "98", "num_branches": 14, "num_partial_branches": 1, "covered_branches": 13, "missing_branches": 1, "percent_branches_covered": 92.85714285714286, "percent_branches_covered_display": "93"}, "missing_lines": [133], "excluded_lines": [], "executed_branches": [[125, 126], [125, 129], [129, 130], [150, 151], [150, 160], [154, 155], [154, 156], [156, 150], [156, 157], [185, 186], [185, 189], [191, -163], [191, 192]], "missing_branches": [[129, 133]], "functions": {"get_system_prompt": {"executed_lines": [77], "summary": {"covered_lines": 1, "num_statements": 1, "percent_covered": 100.0, "percent_covered_display": "100", "missing_lines": 0, "excluded_lines": 0, "percent_statements_covered": 100.0, "percent_statements_covered_display": "100", "num_branches": 0, "num_partial_branches": 0, "covered_branches": 0, "missing_branches": 0, "percent_branches_covered": 100.0, "percent_branches_covered_display": "100"}, "missing_lines": [], "excluded_lines": [], "executed_branches": [], "missing_branches": []}, "format_message": {"executed_lines": [89], "summary": {"covered_lines": 1, "num_statements": 1, "percent_covered": 100.0, "percent_covered_display": "100", "missing_lines": 0, "excluded_lines": 0, "percent_statements_covered": 100.0, "percent_statements_covered_display": "100", "num_branches": 0, "num_partial_branches": 0, "covered_branches": 0, "missing_branches": 0, "percent_branches_covered": 100.0, "percent_branches_covered_display": "100"}, "missing_lines": [], "excluded_lines": [], "executed_branches": [], "missing_branches": []}, "format_conversation": {"executed_lines": [104], "summary": {"covered_lines": 1, "num_statements": 1, "percent_covered": 100.0, "percent_covered_display": "100", "missing_lines": 0, "excluded_lines": 0, "percent_statements_covered": 100.0, "percent_statements_covered_display": "100", "num_branches": 0, "num_partial_branches": 0, "covered_branches": 0, "missing_branches": 0, "percent_branches_covered": 100.0, "percent_branches_covered_display": "100"}, "missing_lines": [], "excluded_lines": [], "executed_branches": [], "missing_branches": []}, "build_context": {"executed_lines": [122, 125, 126, 129, 130, 131], "summary": {"covered_lines": 6, "num_statements": 7, "percent_covered": 81.81818181818181, "percent_covered_display": "82", "missing_lines": 1, "excluded_lines": 0, "percent_statements_covered": 85.71428571428571, "percent_statements_covered_display": "86", "num_branches": 4, "num_partial_branches": 1, "covered_branches": 3, "missing_branches": 1, "percent_branches_covered": 75.0, "percent_branches_covered_display": "75"}, "missing_lines": [133], "excluded_lines": [], "executed_branches": [[125, 126], [125, 129], [129, 130]], "missing_branches": [[129, 133]]}, "_convert_to_model_messages": {"executed_lines": [147, 149, 150, 151, 152, 154, 155, 156, 157, 160], "summary": {"covered_lines": 10, "num_statements": 10, "percent_covered": 100.0, "percent_covered_display": "100", "missing_lines": 0, "excluded_lines": 0, "percent_statements_covered": 100.0, "percent_statements_covered_display": "100", "num_branches": 6, "num_partial_branches": 0, "covered_branches": 6, "missing_branches": 0, "percent_branches_covered": 100.0, "percent_branches_covered_display": "100"}, "missing_lines": [], "excluded_lines": [], "executed_branches": [[150, 151], [150, 160], [154, 155], [154, 156], [156, 150], [156, 157]], "missing_branches": []}, "stream_response": {"executed_lines": [184, 185, 186, 189, 190, 191, 192], "summary": {"covered_lines": 7, "num_statements": 7, "percent_covered": 100.0, "percent_covered_display": "100", "missing_lines": 0, "excluded_lines": 0, "percent_statements_covered": 100.0, "percent_statements_covered_display": "100", "num_branches": 4, "num_partial_branches": 0, "covered_branches": 4, "missing_branches": 0, "percent_branches_covered": 100.0, "percent_branches_covered_display": "100"}, "missing_lines": [], "excluded_lines": [], "executed_branches": [[185, 186], [185, 189], [191, -163], [191, 192]], "missing_branches": []}, "": {"executed_lines": [1, 7, 9, 10, 12, 13, 15, 16, 19, 22, 71, 80, 95, 107, 136, 163], "summary": {"covered_lines": 15, "num_statements": 15, "percent_covered": 100.0, "percent_covered_display": "100", "missing_lines": 0, "excluded_lines": 0, "percent_statements_covered": 100.0, "percent_statements_covered_display": "100", "num_branches": 0, "num_partial_branches": 0, "covered_branches": 0, "missing_branches": 0, "percent_branches_covered": 100.0, "percent_branches_covered_display": "100"}, "missing_lines": [], "excluded_lines": [], "executed_branches": [], "missing_branches": []}}, "classes": {"": {"executed_lines": [1, 7, 9, 10, 12, 13, 15, 16, 19, 22, 71, 77, 80, 89, 95, 104, 107, 122, 125, 126, 129, 130, 131, 136, 147, 149, 150, 151, 152, 154, 155, 156, 157, 160, 163, 184, 185, 186, 189, 190, 191, 192], "summary": {"covered_lines": 41, "num_statements": 42, "percent_covered": 96.42857142857143, "percent_covered_display": "96", "missing_lines": 1, "excluded_lines": 0, "percent_statements_covered": 97.61904761904762, "percent_statements_covered_display": "98", "num_branches": 14, "num_partial_branches": 1, "covered_branches": 13, "missing_branches": 1, "percent_branches_covered": 92.85714285714286, "percent_branches_covered_display": "93"}, "missing_lines": [133], "excluded_lines": [], "executed_branches": [[125, 126], [125, 129], [129, 130], [150, 151], [150, 160], [154, 155], [154, 156], [156, 150], [156, 157], [185, 186], [185, 189], [191, -163], [191, 192]], "missing_branches": [[129, 133]]}}}, "src/jdo/ai/dates.py": {"executed_lines": [1, 6, 8, 9, 11, 12, 15, 26, 37, 53, 68, 71, 79, 82, 83, 86, 87, 90, 91, 94, 104, 105, 107, 108, 111, 112, 113, 114, 115, 117, 118, 120, 123, 137, 138, 139, 140, 143, 144, 145, 146, 149, 150, 151, 152, 154, 155, 156, 157, 159, 160, 165, 167, 170, 183, 184, 185, 187, 190, 191, 192, 194, 197, 198, 199, 202, 203, 204, 206, 207, 210, 221, 223, 224, 226, 227, 228, 230, 233, 245, 246, 247, 249, 252, 253, 256, 257, 258, 261, 262, 263, 265, 266, 269, 271, 272, 273, 275, 276, 277, 279, 280, 281, 284, 287, 289, 290, 291, 292, 293, 296, 309, 310, 311, 313, 316, 317, 318, 319, 320, 322, 323, 324, 327, 328], "summary": {"covered_lines": 122, "num_statements": 127, "percent_covered": 95.08196721311475, "percent_covered_display": "95", "missing_lines": 5, "excluded_lines": 0, "percent_statements_covered": 96.06299212598425, "percent_statements_covered_display": "96", "num_branches": 56, "num_partial_branches": 4, "covered_branches": 52, "missing_branches": 4, "percent_branches_covered": 92.85714285714286, "percent_branches_covered_display": "93"}, "missing_lines": [116, 161, 162, 163, 282], "excluded_lines": [], "executed_branches": [[104, 105], [104, 107], [107, 108], [107, 111], [111, 112], [111, 120], [112, 111], [112, 113], [115, 117], [117, 118], [138, 139], [138, 143], [144, 145], [144, 149], [150, 151], [150, 167], [155, 156], [159, 160], [159, 165], [183, 184], [183, 187], [190, 191], [190, 194], [198, 199], [198, 202], [203, 204], [203, 206], [223, 224], [223, 226], [227, 228], [227, 230], [245, 246], [245, 249], [252, 253], [252, 256], [257, 258], [257, 261], [262, 263], [262, 265], [272, 273], [272, 275], [279, 280], [279, 281], [281, 284], [290, 291], [290, 292], [309, 310], [309, 313], [316, 317], [316, 327], [317, 316], [317, 318]], "missing_branches": [[115, 116], [117, 111], [155, 167], [281, 282]], "functions": {"_parse_relative_date": {"executed_lines": [104, 105, 107, 108, 111, 112, 113, 114, 115, 117, 118, 120], "summary": {"covered_lines": 12, "num_statements": 13, "percent_covered": 88.0, "percent_covered_display": "88", "missing_lines": 1, "excluded_lines": 0, "percent_statements_covered": 92.3076923076923, "percent_statements_covered_display": "92", "num_branches": 12, "num_partial_branches": 2, "covered_branches": 10, "missing_branches": 2, "percent_branches_covered": 83.33333333333333, "percent_branches_covered_display": "83"}, "missing_lines": [116], "excluded_lines": [], "executed_branches": [[104, 105], [104, 107], [107, 108], [107, 111], [111, 112], [111, 120], [112, 111], [112, 113], [115, 117], [117, 118]], "missing_branches": [[115, 116], [117, 111]]}, "_parse_absolute_date": {"executed_lines": [137, 138, 139, 140, 143, 144, 145, 146, 149, 150, 151, 152, 154, 155, 156, 157, 159, 160, 165, 167], "summary": {"covered_lines": 20, "num_statements": 23, "percent_covered": 87.87878787878788, "percent_covered_display": "88", "missing_lines": 3, "excluded_lines": 0, "percent_statements_covered": 86.95652173913044, "percent_statements_covered_display": "87", "num_branches": 10, "num_partial_branches": 1, "covered_branches": 9, "missing_branches": 1, "percent_branches_covered": 90.0, "percent_branches_covered_display": "90"}, "missing_lines": [161, 162, 163], "excluded_lines": [], "executed_branches": [[138, 139], [138, 143], [144, 145], [144, 149], [150, 151], [150, 167], [155, 156], [159, 160], [159, 165]], "missing_branches": [[155, 167]]}, "parse_date": {"executed_lines": [183, 184, 185, 187, 190, 191, 192, 194, 197, 198, 199, 202, 203, 204, 206, 207], "summary": {"covered_lines": 16, "num_statements": 16, "percent_covered": 100.0, "percent_covered_display": "100", "missing_lines": 0, "excluded_lines": 0, "percent_statements_covered": 100.0, "percent_statements_covered_display": "100", "num_branches": 8, "num_partial_branches": 0, "covered_branches": 8, "missing_branches": 0, "percent_branches_covered": 100.0, "percent_branches_covered_display": "100"}, "missing_lines": [], "excluded_lines": [], "executed_branches": [[183, 184], [183, 187], [190, 191], [190, 194], [198, 199], [198, 202], [203, 204], [203, 206]], "missing_branches": []}, "_next_weekday": {"executed_lines": [221, 223, 224, 226, 227, 228, 230], "summary": {"covered_lines": 7, "num_statements": 7, "percent_covered": 100.0, "percent_covered_display": "100", "missing_lines": 0, "excluded_lines": 0, "percent_statements_covered": 100.0, "percent_statements_covered_display": "100", "num_branches": 4, "num_partial_branches": 0, "covered_branches": 4, "missing_branches": 0, "percent_branches_covered": 100.0, "percent_branches_covered_display": "100"}, "missing_lines": [], "excluded_lines": [], "executed_branches": [[223, 224], [223, 226], [227, 228], [227, 230]], "missing_branches": []}, "parse_time": {"executed_lines": [245, 246, 247, 249, 252, 253, 256, 257, 258, 261, 262, 263, 265, 266], "summary": {"covered_lines": 14, "num_statements": 14, "percent_covered": 100.0, "percent_covered_display": "100", "missing_lines": 0, "excluded_lines": 0, "percent_statements_covered": 100.0, "percent_statements_covered_display": "100", "num_branches": 8, "num_partial_branches": 0, "covered_branches": 8, "missing_branches": 0, "percent_branches_covered": 100.0, "percent_branches_covered_display": "100"}, "missing_lines": [], "excluded_lines": [], "executed_branches": [[245, 246], [245, 249], [252, 253], [252, 256], [257, 258], [257, 261], [262, 263], [262, 265]], "missing_branches": []}, "_parse_12h_time": {"executed_lines": [271, 272, 273, 275, 276, 277, 279, 280, 281, 284], "summary": {"covered_lines": 10, "num_statements": 11, "percent_covered": 88.23529411764706, "percent_covered_display": "88", "missing_lines": 1, "excluded_lines": 0, "percent_statements_covered": 90.9090909090909, "percent_statements_covered_display": "91", "num_branches": 6, "num_partial_branches": 1, "covered_branches": 5, "missing_branches": 1, "percent_branches_covered": 83.33333333333333, "percent_branches_covered_display": "83"}, "missing_lines": [282], "excluded_lines": [], "executed_branches": [[272, 273], [272, 275], [279, 280], [279, 281], [281, 284]], "missing_branches": [[281, 282]]}, "_parse_24h_time": {"executed_lines": [289, 290, 291, 292, 293], "summary": {"covered_lines": 5, "num_statements": 5, "percent_covered": 100.0, "percent_covered_display": "100", "missing_lines": 0, "excluded_lines": 0, "percent_statements_covered": 100.0, "percent_statements_covered_display": "100", "num_branches": 2, "num_partial_branches": 0, "covered_branches": 2, "missing_branches": 0, "percent_branches_covered": 100.0, "percent_branches_covered_display": "100"}, "missing_lines": [], "excluded_lines": [], "executed_branches": [[290, 291], [290, 292]], "missing_branches": []}, "parse_datetime": {"executed_lines": [309, 310, 311, 313, 316, 317, 318, 319, 320, 322, 323, 324, 327, 328], "summary": {"covered_lines": 14, "num_statements": 14, "percent_covered": 100.0, "percent_covered_display": "100", "missing_lines": 0, "excluded_lines": 0, "percent_statements_covered": 100.0, "percent_statements_covered_display": "100", "num_branches": 6, "num_partial_branches": 0, "covered_branches": 6, "missing_branches": 0, "percent_branches_covered": 100.0, "percent_branches_covered_display": "100"}, "missing_lines": [], "excluded_lines": [], "executed_branches": [[309, 310], [309, 313], [316, 317], [316, 327], [317, 316], [317, 318]], "missing_branches": []}, "": {"executed_lines": [1, 6, 8, 9, 11, 12, 15, 26, 37, 53, 68, 71, 79, 82, 83, 86, 87, 90, 91, 94, 123, 170, 210, 233, 269, 287, 296], "summary": {"covered_lines": 24, "num_statements": 24, "percent_covered": 100.0, "percent_covered_display": "100", "missing_lines": 0, "excluded_lines": 0, "percent_statements_covered": 100.0, "percent_statements_covered_display": "100", "num_branches": 0, "num_partial_branches": 0, "covered_branches": 0, "missing_branches": 0, "percent_branches_covered": 100.0, "percent_branches_covered_display": "100"}, "missing_lines": [], "excluded_lines": [], "executed_branches": [], "missing_branches": []}}, "classes": {"ParseError": {"executed_lines": [], "summary": {"covered_lines": 0, "num_statements": 0, "percent_covered": 100.0, "percent_covered_display": "100", "missing_lines": 0, "excluded_lines": 0, "percent_statements_covered": 100.0, "percent_statements_covered_display": "100", "num_branches": 0, "num_partial_branches": 0, "covered_branches": 0, "missing_branches": 0, "percent_branches_covered": 100.0, "percent_branches_covered_display": "100"}, "missing_lines": [], "excluded_lines": [], "executed_branches": [], "missing_branches": []}, "VagueDateError": {"executed_lines": [], "summary": {"covered_lines": 0, "num_statements": 0, "percent_covered": 100.0, "percent_covered_display": "100", "missing_lines": 0, "excluded_lines": 0, "percent_statements_covered": 100.0, "percent_statements_covered_display": "100", "num_branches": 0, "num_partial_branches": 0, "covered_branches": 0, "missing_branches": 0, "percent_branches_covered": 100.0, "percent_branches_covered_display": "100"}, "missing_lines": [], "excluded_lines": [], "executed_branches": [], "missing_branches": []}, "": {"executed_lines": [1, 6, 8, 9, 11, 12, 15, 26, 37, 53, 68, 71, 79, 82, 83, 86, 87, 90, 91, 94, 104, 105, 107, 108, 111, 112, 113, 114, 115, 117, 118, 120, 123, 137, 138, 139, 140, 143, 144, 145, 146, 149, 150, 151, 152, 154, 155, 156, 157, 159, 160, 165, 167, 170, 183, 184, 185, 187, 190, 191, 192, 194, 197, 198, 199, 202, 203, 204, 206, 207, 210, 221, 223, 224, 226, 227, 228, 230, 233, 245, 246, 247, 249, 252, 253, 256, 257, 258, 261, 262, 263, 265, 266, 269, 271, 272, 273, 275, 276, 277, 279, 280, 281, 284, 287, 289, 290, 291, 292, 293, 296, 309, 310, 311, 313, 316, 317, 318, 319, 320, 322, 323, 324, 327, 328], "summary": {"covered_lines": 122, "num_statements": 127, "percent_covered": 95.08196721311475, "percent_covered_display": "95", "missing_lines": 5, "excluded_lines": 0, "percent_statements_covered": 96.06299212598425, "percent_statements_covered_display": "96", "num_branches": 56, "num_partial_branches": 4, "covered_branches": 52, "missing_branches": 4, "percent_branches_covered": 92.85714285714286, "percent_branches_covered_display": "93"}, "missing_lines": [116, 161, 162, 163, 282], "excluded_lines": [], "executed_branches": [[104, 105], [104, 107], [107, 108], [107, 111], [111, 112], [111, 120], [112, 111], [112, 113], [115, 117], [117, 118], [138, 139], [138, 143], [144, 145], [144, 149], [150, 151], [150, 167], [155, 156], [159, 160], [159, 165], [183, 184], [183, 187], [190, 191], [190, 194], [198, 199], [198, 202], [203, 204], [203, 206], [223, 224], [223, 226], [227, 228], [227, 230], [245, 246], [245, 249], [252, 253], [252, 256], [257, 258], [257, 261], [262, 263], [262, 265], [272, 273], [272, 275], [279, 280], [279, 281], [281, 284], [290, 291], [290, 292], [309, 310], [309, 313], [316, 317], [316, 327], [317, 316], [317, 318]], "missing_branches": [[115, 116], [117, 111], [155, 167], [281, 282]]}}}, "src/jdo/ai/extraction.py": {"executed_lines": [1, 6, 8, 9, 11, 12, 13, 15, 16, 19, 28, 37, 45, 57, 67, 77, 87, 93, 99, 122, 123, 125, 126, 127, 128, 131, 132, 134, 135, 136, 139, 140, 142, 143, 146, 147, 149, 150, 151, 152, 153, 156, 157, 159, 160, 161, 165, 166, 167, 168, 169, 170, 171, 174, 175, 177, 178, 179, 182, 186, 190, 194, 198, 202, 207, 208, 210, 211, 212, 213, 214, 215, 216, 218, 220, 221, 224, 226, 228, 229, 230, 231, 235, 237, 238, 239, 243, 245, 246, 247, 251, 253, 254, 255, 259, 261, 266, 281, 283, 290, 299, 300, 301, 302, 303, 304, 307, 323, 324, 326, 327, 330, 346, 347, 349, 350, 353, 376, 392, 393, 395, 396, 399, 415, 416, 418, 419, 422, 438, 441, 443, 444, 447, 460, 462, 464, 465, 467], "summary": {"covered_lines": 131, "num_statements": 147, "percent_covered": 87.42857142857143, "percent_covered_display": "87", "missing_lines": 16, "excluded_lines": 0, "percent_statements_covered": 89.1156462585034, "percent_statements_covered_display": "89", "num_branches": 28, "num_partial_branches": 6, "covered_branches": 22, "missing_branches": 6, "percent_branches_covered": 78.57142857142857, "percent_branches_covered_display": "79"}, "missing_lines": [222, 223, 232, 233, 240, 241, 248, 249, 256, 257, 262, 263, 369, 370, 372, 373], "excluded_lines": [], "executed_branches": [[221, 224], [228, 229], [228, 230], [230, -226], [230, 231], [231, 230], [237, 238], [237, 239], [239, -235], [245, 246], [245, 247], [247, -243], [253, 254], [253, 255], [255, -251], [261, -259], [300, 301], [300, 304], [462, 464], [462, 467], [464, 462], [464, 465]], "missing_branches": [[221, 222], [231, 232], [239, 240], [247, 248], [255, 256], [261, 262]], "functions": {"ExtractedRecurringCommitment.validate_extracted_values": {"executed_lines": [210, 211, 212, 213, 214, 215, 216], "summary": {"covered_lines": 7, "num_statements": 7, "percent_covered": 100.0, "percent_covered_display": "100", "missing_lines": 0, "excluded_lines": 0, "percent_statements_covered": 100.0, "percent_statements_covered_display": "100", "num_branches": 0, "num_partial_branches": 0, "covered_branches": 0, "missing_branches": 0, "percent_branches_covered": 100.0, "percent_branches_covered_display": "100"}, "missing_lines": [], "excluded_lines": [], "executed_branches": [], "missing_branches": []}, "ExtractedRecurringCommitment._validate_recurrence_type": {"executed_lines": [220, 221, 224], "summary": {"covered_lines": 3, "num_statements": 5, "percent_covered": 57.142857142857146, "percent_covered_display": "57", "missing_lines": 2, "excluded_lines": 0, "percent_statements_covered": 60.0, "percent_statements_covered_display": "60", "num_branches": 2, "num_partial_branches": 1, "covered_branches": 1, "missing_branches": 1, "percent_branches_covered": 50.0, "percent_branches_covered_display": "50"}, "missing_lines": [222, 223], "excluded_lines": [], "executed_branches": [[221, 224]], "missing_branches": [[221, 222]]}, "ExtractedRecurringCommitment._validate_days_of_week": {"executed_lines": [228, 229, 230, 231], "summary": {"covered_lines": 4, "num_statements": 6, "percent_covered": 75.0, "percent_covered_display": "75", "missing_lines": 2, "excluded_lines": 0, "percent_statements_covered": 66.66666666666667, "percent_statements_covered_display": "67", "num_branches": 6, "num_partial_branches": 1, "covered_branches": 5, "missing_branches": 1, "percent_branches_covered": 83.33333333333333, "percent_branches_covered_display": "83"}, "missing_lines": [232, 233], "excluded_lines": [], "executed_branches": [[228, 229], [228, 230], [230, -226], [230, 231], [231, 230]], "missing_branches": [[231, 232]]}, "ExtractedRecurringCommitment._validate_day_of_month": {"executed_lines": [237, 238, 239], "summary": {"covered_lines": 3, "num_statements": 5, "percent_covered": 66.66666666666667, "percent_covered_display": "67", "missing_lines": 2, "excluded_lines": 0, "percent_statements_covered": 60.0, "percent_statements_covered_display": "60", "num_branches": 4, "num_partial_branches": 1, "covered_branches": 3, "missing_branches": 1, "percent_branches_covered": 75.0, "percent_branches_covered_display": "75"}, "missing_lines": [240, 241], "excluded_lines": [], "executed_branches": [[237, 238], [237, 239], [239, -235]], "missing_branches": [[239, 240]]}, "ExtractedRecurringCommitment._validate_week_of_month": {"executed_lines": [245, 246, 247], "summary": {"covered_lines": 3, "num_statements": 5, "percent_covered": 66.66666666666667, "percent_covered_display": "67", "missing_lines": 2, "excluded_lines": 0, "percent_statements_covered": 60.0, "percent_statements_covered_display": "60", "num_branches": 4, "num_partial_branches": 1, "covered_branches": 3, "missing_branches": 1, "percent_branches_covered": 75.0, "percent_branches_covered_display": "75"}, "missing_lines": [248, 249], "excluded_lines": [], "executed_branches": [[245, 246], [245, 247], [247, -243]], "missing_branches": [[247, 248]]}, "ExtractedRecurringCommitment._validate_month_of_year": {"executed_lines": [253, 254, 255], "summary": {"covered_lines": 3, "num_statements": 5, "percent_covered": 66.66666666666667, "percent_covered_display": "67", "missing_lines": 2, "excluded_lines": 0, "percent_statements_covered": 60.0, "percent_statements_covered_display": "60", "num_branches": 4, "num_partial_branches": 1, "covered_branches": 3, "missing_branches": 1, "percent_branches_covered": 75.0, "percent_branches_covered_display": "75"}, "missing_lines": [256, 257], "excluded_lines": [], "executed_branches": [[253, 254], [253, 255], [255, -251]], "missing_branches": [[255, 256]]}, "ExtractedRecurringCommitment._validate_interval": {"executed_lines": [261], "summary": {"covered_lines": 1, "num_statements": 3, "percent_covered": 40.0, "percent_covered_display": "40", "missing_lines": 2, "excluded_lines": 0, "percent_statements_covered": 33.333333333333336, "percent_statements_covered_display": "33", "num_branches": 2, "num_partial_branches": 1, "covered_branches": 1, "missing_branches": 1, "percent_branches_covered": 50.0, "percent_branches_covered_display": "50"}, "missing_lines": [262, 263], "excluded_lines": [], "executed_branches": [[261, -259]], "missing_branches": [[261, 262]]}, "create_extraction_agent": {"executed_lines": [281, 283], "summary": {"covered_lines": 2, "num_statements": 2, "percent_covered": 100.0, "percent_covered_display": "100", "missing_lines": 0, "excluded_lines": 0, "percent_statements_covered": 100.0, "percent_statements_covered_display": "100", "num_branches": 0, "num_partial_branches": 0, "covered_branches": 0, "missing_branches": 0, "percent_branches_covered": 100.0, "percent_branches_covered_display": "100"}, "missing_lines": [], "excluded_lines": [], "executed_branches": [], "missing_branches": []}, "_format_conversation_for_extraction": {"executed_lines": [299, 300, 301, 302, 303, 304], "summary": {"covered_lines": 6, "num_statements": 6, "percent_covered": 100.0, "percent_covered_display": "100", "missing_lines": 0, "excluded_lines": 0, "percent_statements_covered": 100.0, "percent_statements_covered_display": "100", "num_branches": 2, "num_partial_branches": 0, "covered_branches": 2, "missing_branches": 0, "percent_branches_covered": 100.0, "percent_branches_covered_display": "100"}, "missing_lines": [], "excluded_lines": [], "executed_branches": [[300, 301], [300, 304]], "missing_branches": []}, "extract_commitment": {"executed_lines": [323, 324, 326, 327], "summary": {"covered_lines": 4, "num_statements": 4, "percent_covered": 100.0, "percent_covered_display": "100", "missing_lines": 0, "excluded_lines": 0, "percent_statements_covered": 100.0, "percent_statements_covered_display": "100", "num_branches": 0, "num_partial_branches": 0, "covered_branches": 0, "missing_branches": 0, "percent_branches_covered": 100.0, "percent_branches_covered_display": "100"}, "missing_lines": [], "excluded_lines": [], "executed_branches": [], "missing_branches": []}, "extract_goal": {"executed_lines": [346, 347, 349, 350], "summary": {"covered_lines": 4, "num_statements": 4, "percent_covered": 100.0, "percent_covered_display": "100", "missing_lines": 0, "excluded_lines": 0, "percent_statements_covered": 100.0, "percent_statements_covered_display": "100", "num_branches": 0, "num_partial_branches": 0, "covered_branches": 0, "missing_branches": 0, "percent_branches_covered": 100.0, "percent_branches_covered_display": "100"}, "missing_lines": [], "excluded_lines": [], "executed_branches": [], "missing_branches": []}, "extract_task": {"executed_lines": [], "summary": {"covered_lines": 0, "num_statements": 4, "percent_covered": 0.0, "percent_covered_display": "0", "missing_lines": 4, "excluded_lines": 0, "percent_statements_covered": 0.0, "percent_statements_covered_display": "0", "num_branches": 0, "num_partial_branches": 0, "covered_branches": 0, "missing_branches": 0, "percent_branches_covered": 100.0, "percent_branches_covered_display": "100"}, "missing_lines": [369, 370, 372, 373], "excluded_lines": [], "executed_branches": [], "missing_branches": []}, "extract_vision": {"executed_lines": [392, 393, 395, 396], "summary": {"covered_lines": 4, "num_statements": 4, "percent_covered": 100.0, "percent_covered_display": "100", "missing_lines": 0, "excluded_lines": 0, "percent_statements_covered": 100.0, "percent_statements_covered_display": "100", "num_branches": 0, "num_partial_branches": 0, "covered_branches": 0, "missing_branches": 0, "percent_branches_covered": 100.0, "percent_branches_covered_display": "100"}, "missing_lines": [], "excluded_lines": [], "executed_branches": [], "missing_branches": []}, "extract_milestone": {"executed_lines": [415, 416, 418, 419], "summary": {"covered_lines": 4, "num_statements": 4, "percent_covered": 100.0, "percent_covered_display": "100", "missing_lines": 0, "excluded_lines": 0, "percent_statements_covered": 100.0, "percent_statements_covered_display": "100", "num_branches": 0, "num_partial_branches": 0, "covered_branches": 0, "missing_branches": 0, "percent_branches_covered": 100.0, "percent_branches_covered_display": "100"}, "missing_lines": [], "excluded_lines": [], "executed_branches": [], "missing_branches": []}, "extract_recurring_commitment": {"executed_lines": [438, 441, 443, 444], "summary": {"covered_lines": 4, "num_statements": 4, "percent_covered": 100.0, "percent_covered_display": "100", "missing_lines": 0, "excluded_lines": 0, "percent_statements_covered": 100.0, "percent_statements_covered_display": "100", "num_branches": 0, "num_partial_branches": 0, "covered_branches": 0, "missing_branches": 0, "percent_branches_covered": 100.0, "percent_branches_covered_display": "100"}, "missing_lines": [], "excluded_lines": [], "executed_branches": [], "missing_branches": []}, "get_missing_fields": {"executed_lines": [460, 462, 464, 465, 467], "summary": {"covered_lines": 5, "num_statements": 5, "percent_covered": 100.0, "percent_covered_display": "100", "missing_lines": 0, "excluded_lines": 0, "percent_statements_covered": 100.0, "percent_statements_covered_display": "100", "num_branches": 4, "num_partial_branches": 0, "covered_branches": 4, "missing_branches": 0, "percent_branches_covered": 100.0, "percent_branches_covered_display": "100"}, "missing_lines": [], "excluded_lines": [], "executed_branches": [[462, 464], [462, 467], [464, 462], [464, 465]], "missing_branches": []}, "": {"executed_lines": [1, 6, 8, 9, 11, 12, 13, 15, 16, 19, 28, 37, 45, 57, 67, 77, 87, 93, 99, 122, 123, 125, 126, 127, 128, 131, 132, 134, 135, 136, 139, 140, 142, 143, 146, 147, 149, 150, 151, 152, 153, 156, 157, 159, 160, 161, 165, 166, 167, 168, 169, 170, 171, 174, 175, 177, 178, 179, 182, 186, 190, 194, 198, 202, 207, 208, 218, 226, 235, 243, 251, 259, 266, 290, 307, 330, 353, 376, 399, 422, 447], "summary": {"covered_lines": 74, "num_statements": 74, "percent_covered": 100.0, "percent_covered_display": "100", "missing_lines": 0, "excluded_lines": 0, "percent_statements_covered": 100.0, "percent_statements_covered_display": "100", "num_branches": 0, "num_partial_branches": 0, "covered_branches": 0, "missing_branches": 0, "percent_branches_covered": 100.0, "percent_branches_covered_display": "100"}, "missing_lines": [], "excluded_lines": [], "executed_branches": [], "missing_branches": []}}, "classes": {"ExtractedCommitment": {"executed_lines": [], "summary": {"covered_lines": 0, "num_statements": 0, "percent_covered": 100.0, "percent_covered_display": "100", "missing_lines": 0, "excluded_lines": 0, "percent_statements_covered": 100.0, "percent_statements_covered_display": "100", "num_branches": 0, "num_partial_branches": 0, "covered_branches": 0, "missing_branches": 0, "percent_branches_covered": 100.0, "percent_branches_covered_display": "100"}, "missing_lines": [], "excluded_lines": [], "executed_branches": [], "missing_branches": []}, "ExtractedGoal": {"executed_lines": [], "summary": {"covered_lines": 0, "num_statements": 0, "percent_covered": 100.0, "percent_covered_display": "100", "missing_lines": 0, "excluded_lines": 0, "percent_statements_covered": 100.0, "percent_statements_covered_display": "100", "num_branches": 0, "num_partial_branches": 0, "covered_branches": 0, "missing_branches": 0, "percent_branches_covered": 100.0, "percent_branches_covered_display": "100"}, "missing_lines": [], "excluded_lines": [], "executed_branches": [], "missing_branches": []}, "ExtractedTask": {"executed_lines": [], "summary": {"covered_lines": 0, "num_statements": 0, "percent_covered": 100.0, "percent_covered_display": "100", "missing_lines": 0, "excluded_lines": 0, "percent_statements_covered": 100.0, "percent_statements_covered_display": "100", "num_branches": 0, "num_partial_branches": 0, "covered_branches": 0, "missing_branches": 0, "percent_branches_covered": 100.0, "percent_branches_covered_display": "100"}, "missing_lines": [], "excluded_lines": [], "executed_branches": [], "missing_branches": []}, "ExtractedVision": {"executed_lines": [], "summary": {"covered_lines": 0, "num_statements": 0, "percent_covered": 100.0, "percent_covered_display": "100", "missing_lines": 0, "excluded_lines": 0, "percent_statements_covered": 100.0, "percent_statements_covered_display": "100", "num_branches": 0, "num_partial_branches": 0, "covered_branches": 0, "missing_branches": 0, "percent_branches_covered": 100.0, "percent_branches_covered_display": "100"}, "missing_lines": [], "excluded_lines": [], "executed_branches": [], "missing_branches": []}, "ExtractedMilestone": {"executed_lines": [], "summary": {"covered_lines": 0, "num_statements": 0, "percent_covered": 100.0, "percent_covered_display": "100", "missing_lines": 0, "excluded_lines": 0, "percent_statements_covered": 100.0, "percent_statements_covered_display": "100", "num_branches": 0, "num_partial_branches": 0, "covered_branches": 0, "missing_branches": 0, "percent_branches_covered": 100.0, "percent_branches_covered_display": "100"}, "missing_lines": [], "excluded_lines": [], "executed_branches": [], "missing_branches": []}, "ExtractedRecurringCommitment": {"executed_lines": [210, 211, 212, 213, 214, 215, 216, 220, 221, 224, 228, 229, 230, 231, 237, 238, 239, 245, 246, 247, 253, 254, 255, 261], "summary": {"covered_lines": 24, "num_statements": 36, "percent_covered": 68.96551724137932, "percent_covered_display": "69", "missing_lines": 12, "excluded_lines": 0, "percent_statements_covered": 66.66666666666667, "percent_statements_covered_display": "67", "num_branches": 22, "num_partial_branches": 6, "covered_branches": 16, "missing_branches": 6, "percent_branches_covered": 72.72727272727273, "percent_branches_covered_display": "73"}, "missing_lines": [222, 223, 232, 233, 240, 241, 248, 249, 256, 257, 262, 263], "excluded_lines": [], "executed_branches": [[221, 224], [228, 229], [228, 230], [230, -226], [230, 231], [231, 230], [237, 238], [237, 239], [239, -235], [245, 246], [245, 247], [247, -243], [253, 254], [253, 255], [255, -251], [261, -259]], "missing_branches": [[221, 222], [231, 232], [239, 240], [247, 248], [255, 256], [261, 262]]}, "": {"executed_lines": [1, 6, 8, 9, 11, 12, 13, 15, 16, 19, 28, 37, 45, 57, 67, 77, 87, 93, 99, 122, 123, 125, 126, 127, 128, 131, 132, 134, 135, 136, 139, 140, 142, 143, 146, 147, 149, 150, 151, 152, 153, 156, 157, 159, 160, 161, 165, 166, 167, 168, 169, 170, 171, 174, 175, 177, 178, 179, 182, 186, 190, 194, 198, 202, 207, 208, 218, 226, 235, 243, 251, 259, 266, 281, 283, 290, 299, 300, 301, 302, 303, 304, 307, 323, 324, 326, 327, 330, 346, 347, 349, 350, 353, 376, 392, 393, 395, 396, 399, 415, 416, 418, 419, 422, 438, 441, 443, 444, 447, 460, 462, 464, 465, 467], "summary": {"covered_lines": 107, "num_statements": 111, "percent_covered": 96.58119658119658, "percent_covered_display": "97", "missing_lines": 4, "excluded_lines": 0, "percent_statements_covered": 96.3963963963964, "percent_statements_covered_display": "96", "num_branches": 6, "num_partial_branches": 0, "covered_branches": 6, "missing_branches": 0, "percent_branches_covered": 100.0, "percent_branches_covered_display": "100"}, "missing_lines": [369, 370, 372, 373], "excluded_lines": [], "executed_branches": [[300, 301], [300, 304], [462, 464], [462, 467], [464, 462], [464, 465]], "missing_branches": []}}}, "src/jdo/ai/time_context.py": {"executed_lines": [1, 6, 8, 10, 12, 13, 16, 17, 18, 29, 30, 31, 32, 34, 35, 37, 38, 39, 41, 42, 48, 49, 50, 52, 53, 59, 60, 61, 64, 77, 82, 85, 87, 88, 91, 92, 99, 100, 101, 103, 104, 105, 106, 107, 108, 110, 112, 115, 125, 127, 135, 144, 146, 147, 149, 151, 152, 153, 155, 156, 158, 159, 160, 162, 164, 165, 167], "summary": {"covered_lines": 65, "num_statements": 65, "percent_covered": 100.0, "percent_covered_display": "100", "missing_lines": 0, "excluded_lines": 0, "percent_statements_covered": 100.0, "percent_statements_covered_display": "100", "num_branches": 24, "num_partial_branches": 0, "covered_branches": 24, "missing_branches": 0, "percent_branches_covered": 100.0, "percent_branches_covered_display": "100"}, "missing_lines": [], "excluded_lines": [], "executed_branches": [[37, 38], [37, 39], [48, 49], [48, 50], [59, 60], [59, 61], [87, 88], [87, 91], [103, 104], [103, 112], [104, 105], [104, 106], [107, 108], [107, 110], [146, 147], [146, 149], [155, 156], [155, 158], [158, 159], [158, 164], [159, 160], [159, 162], [164, 165], [164, 167]], "missing_branches": [], "functions": {"TimeContext.over_allocated": {"executed_lines": [37, 38, 39], "summary": {"covered_lines": 3, "num_statements": 3, "percent_covered": 100.0, "percent_covered_display": "100", "missing_lines": 0, "excluded_lines": 0, "percent_statements_covered": 100.0, "percent_statements_covered_display": "100", "num_branches": 2, "num_partial_branches": 0, "covered_branches": 2, "missing_branches": 0, "percent_branches_covered": 100.0, "percent_branches_covered_display": "100"}, "missing_lines": [], "excluded_lines": [], "executed_branches": [[37, 38], [37, 39]], "missing_branches": []}, "TimeContext.remaining_capacity": {"executed_lines": [48, 49, 50], "summary": {"covered_lines": 3, "num_statements": 3, "percent_covered": 100.0, "percent_covered_display": "100", "missing_lines": 0, "excluded_lines": 0, "percent_statements_covered": 100.0, "percent_statements_covered_display": "100", "num_branches": 2, "num_partial_branches": 0, "covered_branches": 2, "missing_branches": 0, "percent_branches_covered": 100.0, "percent_branches_covered_display": "100"}, "missing_lines": [], "excluded_lines": [], "executed_branches": [[48, 49], [48, 50]], "missing_branches": []}, "TimeContext.utilization_percent": {"executed_lines": [59, 60, 61], "summary": {"covered_lines": 3, "num_statements": 3, "percent_covered": 100.0, "percent_covered_display": "100", "missing_lines": 0, "excluded_lines": 0, "percent_statements_covered": 100.0, "percent_statements_covered_display": "100", "num_branches": 2, "num_partial_branches": 0, "covered_branches": 2, "missing_branches": 0, "percent_branches_covered": 100.0, "percent_branches_covered_display": "100"}, "missing_lines": [], "excluded_lines": [], "executed_branches": [[59, 60], [59, 61]], "missing_branches": []}, "calculate_allocated_hours": {"executed_lines": [77, 82, 85, 87, 88, 91, 92, 99, 100, 101, 103, 104, 105, 106, 107, 108, 110, 112], "summary": {"covered_lines": 18, "num_statements": 18, "percent_covered": 100.0, "percent_covered_display": "100", "missing_lines": 0, "excluded_lines": 0, "percent_statements_covered": 100.0, "percent_statements_covered_display": "100", "num_branches": 8, "num_partial_branches": 0, "covered_branches": 8, "missing_branches": 0, "percent_branches_covered": 100.0, "percent_branches_covered_display": "100"}, "missing_lines": [], "excluded_lines": [], "executed_branches": [[87, 88], [87, 91], [103, 104], [103, 112], [104, 105], [104, 106], [107, 108], [107, 110]], "missing_branches": []}, "get_time_context": {"executed_lines": [125, 127], "summary": {"covered_lines": 2, "num_statements": 2, "percent_covered": 100.0, "percent_covered_display": "100", "missing_lines": 0, "excluded_lines": 0, "percent_statements_covered": 100.0, "percent_statements_covered_display": "100", "num_branches": 0, "num_partial_branches": 0, "covered_branches": 0, "missing_branches": 0, "percent_branches_covered": 100.0, "percent_branches_covered_display": "100"}, "missing_lines": [], "excluded_lines": [], "executed_branches": [], "missing_branches": []}, "format_time_context_for_ai": {"executed_lines": [144, 146, 147, 149, 151, 152, 153, 155, 156, 158, 159, 160, 162, 164, 165, 167], "summary": {"covered_lines": 16, "num_statements": 16, "percent_covered": 100.0, "percent_covered_display": "100", "missing_lines": 0, "excluded_lines": 0, "percent_statements_covered": 100.0, "percent_statements_covered_display": "100", "num_branches": 10, "num_partial_branches": 0, "covered_branches": 10, "missing_branches": 0, "percent_branches_covered": 100.0, "percent_branches_covered_display": "100"}, "missing_lines": [], "excluded_lines": [], "executed_branches": [[146, 147], [146, 149], [155, 156], [155, 158], [158, 159], [158, 164], [159, 160], [159, 162], [164, 165], [164, 167]], "missing_branches": []}, "": {"executed_lines": [1, 6, 8, 10, 12, 13, 16, 17, 18, 29, 30, 31, 32, 34, 35, 41, 42, 52, 53, 64, 115, 135], "summary": {"covered_lines": 20, "num_statements": 20, "percent_covered": 100.0, "percent_covered_display": "100", "missing_lines": 0, "excluded_lines": 0, "percent_statements_covered": 100.0, "percent_statements_covered_display": "100", "num_branches": 0, "num_partial_branches": 0, "covered_branches": 0, "missing_branches": 0, "percent_branches_covered": 100.0, "percent_branches_covered_display": "100"}, "missing_lines": [], "excluded_lines": [], "executed_branches": [], "missing_branches": []}}, "classes": {"TimeContext": {"executed_lines": [37, 38, 39, 48, 49, 50, 59, 60, 61], "summary": {"covered_lines": 9, "num_statements": 9, "percent_covered": 100.0, "percent_covered_display": "100", "missing_lines": 0, "excluded_lines": 0, "percent_statements_covered": 100.0, "percent_statements_covered_display": "100", "num_branches": 6, "num_partial_branches": 0, "covered_branches": 6, "missing_branches": 0, "percent_branches_covered": 100.0, "percent_branches_covered_display": "100"}, "missing_lines": [], "excluded_lines": [], "executed_branches": [[37, 38], [37, 39], [48, 49], [48, 50], [59, 60], [59, 61]], "missing_branches": []}, "": {"executed_lines": [1, 6, 8, 10, 12, 13, 16, 17, 18, 29, 30, 31, 32, 34, 35, 41, 42, 52, 53, 64, 77, 82, 85, 87, 88, 91, 92, 99, 100, 101, 103, 104, 105, 106, 107, 108, 110, 112, 115, 125, 127, 135, 144, 146, 147, 149, 151, 152, 153, 155, 156, 158, 159, 160, 162, 164, 165, 167], "summary": {"covered_lines": 56, "num_statements": 56, "percent_covered": 100.0, "percent_covered_display": "100", "missing_lines": 0, "excluded_lines": 0, "percent_statements_covered": 100.0, "percent_statements_covered_display": "100", "num_branches": 18, "num_partial_branches": 0, "covered_branches": 18, "missing_branches": 0, "percent_branches_covered": 100.0, "percent_branches_covered_display": "100"}, "missing_lines": [], "excluded_lines": [], "executed_branches": [[87, 88], [87, 91], [103, 104], [103, 112], [104, 105], [104, 106], [107, 108], [107, 110], [146, 147], [146, 149], [155, 156], [155, 158], [158, 159], [158, 164], [159, 160], [159, 162], [164, 165], [164, 167]], "missing_branches": []}}}, "src/jdo/ai/time_parsing.py": {"executed_lines": [1, 7, 9, 10, 11, 14, 17, 18, 21, 22, 23, 31, 32, 33, 36, 47, 48, 49, 52, 69, 70, 72, 75, 76, 77, 80, 81, 82, 85, 86, 87, 90, 91, 92, 94, 97, 99, 100, 101, 102, 103, 104, 109, 112, 114, 118, 119, 120, 121, 122, 127, 130, 132, 136, 137, 138, 139, 140, 141, 146, 149, 157, 158, 159, 161, 163, 164, 167, 168, 169, 176, 177, 178, 185, 192, 201, 202, 204, 205, 206, 208, 209, 210, 211, 212], "summary": {"covered_lines": 83, "num_statements": 83, "percent_covered": 100.0, "percent_covered_display": "100", "missing_lines": 0, "excluded_lines": 0, "percent_statements_covered": 100.0, "percent_statements_covered_display": "100", "num_branches": 36, "num_partial_branches": 0, "covered_branches": 36, "missing_branches": 0, "percent_branches_covered": 100.0, "percent_branches_covered_display": "100"}, "missing_lines": [], "excluded_lines": [], "executed_branches": [[47, 48], [47, 49], [69, 70], [69, 72], [76, 77], [76, 80], [81, 82], [81, 85], [86, 87], [86, 90], [91, 92], [91, 94], [100, 101], [100, 109], [118, 119], [118, 127], [120, 118], [120, 121], [136, 137], [136, 146], [138, 136], [138, 139], [158, 159], [158, 161], [163, 164], [163, 167], [167, 168], [167, 176], [176, 177], [176, 185], [201, 202], [201, 204], [208, 209], [208, 210], [210, 211], [210, 212]], "missing_branches": [], "functions": {"round_to_increment": {"executed_lines": [47, 48, 49], "summary": {"covered_lines": 3, "num_statements": 3, "percent_covered": 100.0, "percent_covered_display": "100", "missing_lines": 0, "excluded_lines": 0, "percent_statements_covered": 100.0, "percent_statements_covered_display": "100", "num_branches": 2, "num_partial_branches": 0, "covered_branches": 2, "missing_branches": 0, "percent_branches_covered": 100.0, "percent_branches_covered_display": "100"}, "missing_lines": [], "excluded_lines": [], "executed_branches": [[47, 48], [47, 49]], "missing_branches": []}, "parse_time_input": {"executed_lines": [69, 70, 72, 75, 76, 77, 80, 81, 82, 85, 86, 87, 90, 91, 92, 94], "summary": {"covered_lines": 16, "num_statements": 16, "percent_covered": 100.0, "percent_covered_display": "100", "missing_lines": 0, "excluded_lines": 0, "percent_statements_covered": 100.0, "percent_statements_covered_display": "100", "num_branches": 10, "num_partial_branches": 0, "covered_branches": 10, "missing_branches": 0, "percent_branches_covered": 100.0, "percent_branches_covered_display": "100"}, "missing_lines": [], "excluded_lines": [], "executed_branches": [[69, 70], [69, 72], [76, 77], [76, 80], [81, 82], [81, 85], [86, 87], [86, 90], [91, 92], [91, 94]], "missing_branches": []}, "_parse_colon_format": {"executed_lines": [99, 100, 101, 102, 103, 104, 109], "summary": {"covered_lines": 7, "num_statements": 7, "percent_covered": 100.0, "percent_covered_display": "100", "missing_lines": 0, "excluded_lines": 0, "percent_statements_covered": 100.0, "percent_statements_covered_display": "100", "num_branches": 2, "num_partial_branches": 0, "covered_branches": 2, "missing_branches": 0, "percent_branches_covered": 100.0, "percent_branches_covered_display": "100"}, "missing_lines": [], "excluded_lines": [], "executed_branches": [[100, 101], [100, 109]], "missing_branches": []}, "_parse_hours_format": {"executed_lines": [114, 118, 119, 120, 121, 122, 127], "summary": {"covered_lines": 7, "num_statements": 7, "percent_covered": 100.0, "percent_covered_display": "100", "missing_lines": 0, "excluded_lines": 0, "percent_statements_covered": 100.0, "percent_statements_covered_display": "100", "num_branches": 4, "num_partial_branches": 0, "covered_branches": 4, "missing_branches": 0, "percent_branches_covered": 100.0, "percent_branches_covered_display": "100"}, "missing_lines": [], "excluded_lines": [], "executed_branches": [[118, 119], [118, 127], [120, 118], [120, 121]], "missing_branches": []}, "_parse_minutes_format": {"executed_lines": [132, 136, 137, 138, 139, 140, 141, 146], "summary": {"covered_lines": 8, "num_statements": 8, "percent_covered": 100.0, "percent_covered_display": "100", "missing_lines": 0, "excluded_lines": 0, "percent_statements_covered": 100.0, "percent_statements_covered_display": "100", "num_branches": 4, "num_partial_branches": 0, "covered_branches": 4, "missing_branches": 0, "percent_branches_covered": 100.0, "percent_branches_covered_display": "100"}, "missing_lines": [], "excluded_lines": [], "executed_branches": [[136, 137], [136, 146], [138, 136], [138, 139]], "missing_branches": []}, "_parse_plain_number": {"executed_lines": [157, 158, 159, 161, 163, 164, 167, 168, 169, 176, 177, 178, 185], "summary": {"covered_lines": 13, "num_statements": 13, "percent_covered": 100.0, "percent_covered_display": "100", "missing_lines": 0, "excluded_lines": 0, "percent_statements_covered": 100.0, "percent_statements_covered_display": "100", "num_branches": 8, "num_partial_branches": 0, "covered_branches": 8, "missing_branches": 0, "percent_branches_covered": 100.0, "percent_branches_covered_display": "100"}, "missing_lines": [], "excluded_lines": [], "executed_branches": [[158, 159], [158, 161], [163, 164], [163, 167], [167, 168], [167, 176], [176, 177], [176, 185]], "missing_branches": []}, "format_hours": {"executed_lines": [201, 202, 204, 205, 206, 208, 209, 210, 211, 212], "summary": {"covered_lines": 10, "num_statements": 10, "percent_covered": 100.0, "percent_covered_display": "100", "missing_lines": 0, "excluded_lines": 0, "percent_statements_covered": 100.0, "percent_statements_covered_display": "100", "num_branches": 6, "num_partial_branches": 0, "covered_branches": 6, "missing_branches": 0, "percent_branches_covered": 100.0, "percent_branches_covered_display": "100"}, "missing_lines": [], "excluded_lines": [], "executed_branches": [[201, 202], [201, 204], [208, 209], [208, 210], [210, 211], [210, 212]], "missing_branches": []}, "": {"executed_lines": [1, 7, 9, 10, 11, 14, 17, 18, 21, 22, 23, 31, 32, 33, 36, 52, 97, 112, 130, 149, 192], "summary": {"covered_lines": 19, "num_statements": 19, "percent_covered": 100.0, "percent_covered_display": "100", "missing_lines": 0, "excluded_lines": 0, "percent_statements_covered": 100.0, "percent_statements_covered_display": "100", "num_branches": 0, "num_partial_branches": 0, "covered_branches": 0, "missing_branches": 0, "percent_branches_covered": 100.0, "percent_branches_covered_display": "100"}, "missing_lines": [], "excluded_lines": [], "executed_branches": [], "missing_branches": []}}, "classes": {"ParsedTime": {"executed_lines": [], "summary": {"covered_lines": 0, "num_statements": 0, "percent_covered": 100.0, "percent_covered_display": "100", "missing_lines": 0, "excluded_lines": 0, "percent_statements_covered": 100.0, "percent_statements_covered_display": "100", "num_branches": 0, "num_partial_branches": 0, "covered_branches": 0, "missing_branches": 0, "percent_branches_covered": 100.0, "percent_branches_covered_display": "100"}, "missing_lines": [], "excluded_lines": [], "executed_branches": [], "missing_branches": []}, "": {"executed_lines": [1, 7, 9, 10, 11, 14, 17, 18, 21, 22, 23, 31, 32, 33, 36, 47, 48, 49, 52, 69, 70, 72, 75, 76, 77, 80, 81, 82, 85, 86, 87, 90, 91, 92, 94, 97, 99, 100, 101, 102, 103, 104, 109, 112, 114, 118, 119, 120, 121, 122, 127, 130, 132, 136, 137, 138, 139, 140, 141, 146, 149, 157, 158, 159, 161, 163, 164, 167, 168, 169, 176, 177, 178, 185, 192, 201, 202, 204, 205, 206, 208, 209, 210, 211, 212], "summary": {"covered_lines": 83, "num_statements": 83, "percent_covered": 100.0, "percent_covered_display": "100", "missing_lines": 0, "excluded_lines": 0, "percent_statements_covered": 100.0, "percent_statements_covered_display": "100", "num_branches": 36, "num_partial_branches": 0, "covered_branches": 36, "missing_branches": 0, "percent_branches_covered": 100.0, "percent_branches_covered_display": "100"}, "missing_lines": [], "excluded_lines": [], "executed_branches": [[47, 48], [47, 49], [69, 70], [69, 72], [76, 77], [76, 80], [81, 82], [81, 85], [86, 87], [86, 90], [91, 92], [91, 94], [100, 101], [100, 109], [118, 119], [118, 127], [120, 118], [120, 121], [136, 137], [136, 146], [138, 136], [138, 139], [158, 159], [158, 161], [163, 164], [163, 167], [167, 168], [167, 176], [176, 177], [176, 185], [201, 202], [201, 204], [208, 209], [208, 210], [210, 211], [210, 212]], "missing_branches": []}}}, "src/jdo/ai/timeout.py": {"executed_lines": [1, 7, 9, 10, 11, 12, 15, 18, 19, 21, 24, 40, 41, 44, 67, 68, 69, 70, 71, 72, 73], "summary": {"covered_lines": 20, "num_statements": 20, "percent_covered": 100.0, "percent_covered_display": "100", "missing_lines": 0, "excluded_lines": 0, "percent_statements_covered": 100.0, "percent_statements_covered_display": "100", "num_branches": 0, "num_partial_branches": 0, "covered_branches": 0, "missing_branches": 0, "percent_branches_covered": 100.0, "percent_branches_covered_display": "100"}, "missing_lines": [], "excluded_lines": [], "executed_branches": [], "missing_branches": [], "functions": {"with_ai_timeout": {"executed_lines": [40, 41], "summary": {"covered_lines": 2, "num_statements": 2, "percent_covered": 100.0, "percent_covered_display": "100", "missing_lines": 0, "excluded_lines": 0, "percent_statements_covered": 100.0, "percent_statements_covered_display": "100", "num_branches": 0, "num_partial_branches": 0, "covered_branches": 0, "missing_branches": 0, "percent_branches_covered": 100.0, "percent_branches_covered_display": "100"}, "missing_lines": [], "excluded_lines": [], "executed_branches": [], "missing_branches": []}, "run_sync_with_timeout": {"executed_lines": [67, 68, 69, 70, 71, 72, 73], "summary": {"covered_lines": 7, "num_statements": 7, "percent_covered": 100.0, "percent_covered_display": "100", "missing_lines": 0, "excluded_lines": 0, "percent_statements_covered": 100.0, "percent_statements_covered_display": "100", "num_branches": 0, "num_partial_branches": 0, "covered_branches": 0, "missing_branches": 0, "percent_branches_covered": 100.0, "percent_branches_covered_display": "100"}, "missing_lines": [], "excluded_lines": [], "executed_branches": [], "missing_branches": []}, "": {"executed_lines": [1, 7, 9, 10, 11, 12, 15, 18, 19, 21, 24, 44], "summary": {"covered_lines": 11, "num_statements": 11, "percent_covered": 100.0, "percent_covered_display": "100", "missing_lines": 0, "excluded_lines": 0, "percent_statements_covered": 100.0, "percent_statements_covered_display": "100", "num_branches": 0, "num_partial_branches": 0, "covered_branches": 0, "missing_branches": 0, "percent_branches_covered": 100.0, "percent_branches_covered_display": "100"}, "missing_lines": [], "excluded_lines": [], "executed_branches": [], "missing_branches": []}}, "classes": {"": {"executed_lines": [1, 7, 9, 10, 11, 12, 15, 18, 19, 21, 24, 40, 41, 44, 67, 68, 69, 70, 71, 72, 73], "summary": {"covered_lines": 20, "num_statements": 20, "percent_covered": 100.0, "percent_covered_display": "100", "missing_lines": 0, "excluded_lines": 0, "percent_statements_covered": 100.0, "percent_statements_covered_display": "100", "num_branches": 0, "num_partial_branches": 0, "covered_branches": 0, "missing_branches": 0, "percent_branches_covered": 100.0, "percent_branches_covered_display": "100"}, "missing_lines": [], "excluded_lines": [], "executed_branches": [], "missing_branches": []}}}, "src/jdo/ai/tools.py": {"executed_lines": [1, 7, 9, 11, 13, 15, 17, 18, 19, 21, 22, 23, 24, 25, 26, 34, 35, 36, 44, 45, 46, 47, 48, 51, 60, 62, 69, 84, 93, 94, 104, 117, 127, 128, 135, 147, 157, 158, 162, 174, 183, 184, 193, 206, 209, 210, 218, 219, 227, 228, 244, 247, 248, 263, 264, 273, 283, 289, 292, 302, 303, 304, 305, 306, 307, 308, 309, 310, 311, 314, 323, 324, 325, 326, 327, 328, 330, 334, 335, 338, 341, 342, 354, 355, 385, 386, 413, 414, 452, 458, 459, 460, 461, 462], "summary": {"covered_lines": 92, "num_statements": 129, "percent_covered": 67.97385620915033, "percent_covered_display": "68", "missing_lines": 37, "excluded_lines": 2, "percent_statements_covered": 71.31782945736434, "percent_statements_covered_display": "71", "num_branches": 24, "num_partial_branches": 2, "covered_branches": 12, "missing_branches": 12, "percent_branches_covered": 50.0, "percent_branches_covered_display": "50"}, "missing_lines": [215, 216, 224, 225, 238, 239, 240, 241, 258, 259, 260, 261, 269, 270, 329, 348, 352, 373, 375, 376, 378, 380, 381, 383, 399, 400, 402, 411, 420, 421, 423, 424, 444, 445, 446, 447, 449], "excluded_lines": [13, 14], "executed_branches": [[303, 304], [303, 311], [305, 306], [305, 310], [307, 308], [324, 325], [324, 326], [326, 327], [326, 328], [328, 330], [330, 334], [330, 335]], "missing_branches": [[239, 240], [239, 241], [259, 260], [259, 261], [307, 309], [328, 329], [375, 376], [375, 378], [380, 381], [380, 383], [445, 446], [445, 449]], "functions": {"get_current_commitments": {"executed_lines": [60, 62, 69], "summary": {"covered_lines": 3, "num_statements": 3, "percent_covered": 100.0, "percent_covered_display": "100", "missing_lines": 0, "excluded_lines": 0, "percent_statements_covered": 100.0, "percent_statements_covered_display": "100", "num_branches": 0, "num_partial_branches": 0, "covered_branches": 0, "missing_branches": 0, "percent_branches_covered": 100.0, "percent_branches_covered_display": "100"}, "missing_lines": [], "excluded_lines": [], "executed_branches": [], "missing_branches": []}, "get_overdue_commitments": {"executed_lines": [93, 94, 104], "summary": {"covered_lines": 3, "num_statements": 3, "percent_covered": 100.0, "percent_covered_display": "100", "missing_lines": 0, "excluded_lines": 0, "percent_statements_covered": 100.0, "percent_statements_covered_display": "100", "num_branches": 0, "num_partial_branches": 0, "covered_branches": 0, "missing_branches": 0, "percent_branches_covered": 100.0, "percent_branches_covered_display": "100"}, "missing_lines": [], "excluded_lines": [], "executed_branches": [], "missing_branches": []}, "get_commitments_for_goal": {"executed_lines": [127, 128, 135], "summary": {"covered_lines": 3, "num_statements": 3, "percent_covered": 100.0, "percent_covered_display": "100", "missing_lines": 0, "excluded_lines": 0, "percent_statements_covered": 100.0, "percent_statements_covered_display": "100", "num_branches": 0, "num_partial_branches": 0, "covered_branches": 0, "missing_branches": 0, "percent_branches_covered": 100.0, "percent_branches_covered_display": "100"}, "missing_lines": [], "excluded_lines": [], "executed_branches": [], "missing_branches": []}, "get_milestones_for_goal": {"executed_lines": [157, 158, 162], "summary": {"covered_lines": 3, "num_statements": 3, "percent_covered": 100.0, "percent_covered_display": "100", "missing_lines": 0, "excluded_lines": 0, "percent_statements_covered": 100.0, "percent_statements_covered_display": "100", "num_branches": 0, "num_partial_branches": 0, "covered_branches": 0, "missing_branches": 0, "percent_branches_covered": 100.0, "percent_branches_covered_display": "100"}, "missing_lines": [], "excluded_lines": [], "executed_branches": [], "missing_branches": []}, "get_visions_due_for_review": {"executed_lines": [183, 184, 193], "summary": {"covered_lines": 3, "num_statements": 3, "percent_covered": 100.0, "percent_covered_display": "100", "missing_lines": 0, "excluded_lines": 0, "percent_statements_covered": 100.0, "percent_statements_covered_display": "100", "num_branches": 0, "num_partial_branches": 0, "covered_branches": 0, "missing_branches": 0, "percent_branches_covered": 100.0, "percent_branches_covered_display": "100"}, "missing_lines": [], "excluded_lines": [], "executed_branches": [], "missing_branches": []}, "_register_commitment_tools": {"executed_lines": [209, 210, 218, 219, 227, 228], "summary": {"covered_lines": 6, "num_statements": 6, "percent_covered": 100.0, "percent_covered_display": "100", "missing_lines": 0, "excluded_lines": 0, "percent_statements_covered": 100.0, "percent_statements_covered_display": "100", "num_branches": 0, "num_partial_branches": 0, "covered_branches": 0, "missing_branches": 0, "percent_branches_covered": 100.0, "percent_branches_covered_display": "100"}, "missing_lines": [], "excluded_lines": [], "executed_branches": [], "missing_branches": []}, "_register_commitment_tools.query_current_commitments": {"executed_lines": [], "summary": {"covered_lines": 0, "num_statements": 2, "percent_covered": 0.0, "percent_covered_display": "0", "missing_lines": 2, "excluded_lines": 0, "percent_statements_covered": 0.0, "percent_statements_covered_display": "0", "num_branches": 0, "num_partial_branches": 0, "covered_branches": 0, "missing_branches": 0, "percent_branches_covered": 100.0, "percent_branches_covered_display": "100"}, "missing_lines": [215, 216], "excluded_lines": [], "executed_branches": [], "missing_branches": []}, "_register_commitment_tools.query_overdue_commitments": {"executed_lines": [], "summary": {"covered_lines": 0, "num_statements": 2, "percent_covered": 0.0, "percent_covered_display": "0", "missing_lines": 2, "excluded_lines": 0, "percent_statements_covered": 0.0, "percent_statements_covered_display": "0", "num_branches": 0, "num_partial_branches": 0, "covered_branches": 0, "missing_branches": 0, "percent_branches_covered": 100.0, "percent_branches_covered_display": "100"}, "missing_lines": [224, 225], "excluded_lines": [], "executed_branches": [], "missing_branches": []}, "_register_commitment_tools.query_commitments_for_goal": {"executed_lines": [], "summary": {"covered_lines": 0, "num_statements": 4, "percent_covered": 0.0, "percent_covered_display": "0", "missing_lines": 4, "excluded_lines": 0, "percent_statements_covered": 0.0, "percent_statements_covered_display": "0", "num_branches": 2, "num_partial_branches": 0, "covered_branches": 0, "missing_branches": 2, "percent_branches_covered": 0.0, "percent_branches_covered_display": "0"}, "missing_lines": [238, 239, 240, 241], "excluded_lines": [], "executed_branches": [], "missing_branches": [[239, 240], [239, 241]]}, "_register_milestone_vision_tools": {"executed_lines": [247, 248, 263, 264], "summary": {"covered_lines": 4, "num_statements": 4, "percent_covered": 100.0, "percent_covered_display": "100", "missing_lines": 0, "excluded_lines": 0, "percent_statements_covered": 100.0, "percent_statements_covered_display": "100", "num_branches": 0, "num_partial_branches": 0, "covered_branches": 0, "missing_branches": 0, "percent_branches_covered": 100.0, "percent_branches_covered_display": "100"}, "missing_lines": [], "excluded_lines": [], "executed_branches": [], "missing_branches": []}, "_register_milestone_vision_tools.query_milestones_for_goal": {"executed_lines": [], "summary": {"covered_lines": 0, "num_statements": 4, "percent_covered": 0.0, "percent_covered_display": "0", "missing_lines": 4, "excluded_lines": 0, "percent_statements_covered": 0.0, "percent_statements_covered_display": "0", "num_branches": 2, "num_partial_branches": 0, "covered_branches": 0, "missing_branches": 2, "percent_branches_covered": 0.0, "percent_branches_covered_display": "0"}, "missing_lines": [258, 259, 260, 261], "excluded_lines": [], "executed_branches": [], "missing_branches": [[259, 260], [259, 261]]}, "_register_milestone_vision_tools.query_visions_due_for_review": {"executed_lines": [], "summary": {"covered_lines": 0, "num_statements": 2, "percent_covered": 0.0, "percent_covered_display": "0", "missing_lines": 2, "excluded_lines": 0, "percent_statements_covered": 0.0, "percent_statements_covered_display": "0", "num_branches": 0, "num_partial_branches": 0, "covered_branches": 0, "missing_branches": 0, "percent_branches_covered": 100.0, "percent_branches_covered_display": "100"}, "missing_lines": [269, 270], "excluded_lines": [], "executed_branches": [], "missing_branches": []}, "_get_recent_task_history": {"executed_lines": [283, 289], "summary": {"covered_lines": 2, "num_statements": 2, "percent_covered": 100.0, "percent_covered_display": "100", "missing_lines": 0, "excluded_lines": 0, "percent_statements_covered": 100.0, "percent_statements_covered_display": "100", "num_branches": 0, "num_partial_branches": 0, "covered_branches": 0, "missing_branches": 0, "percent_branches_covered": 100.0, "percent_branches_covered_display": "100"}, "missing_lines": [], "excluded_lines": [], "executed_branches": [], "missing_branches": []}, "_format_task_history_entries": {"executed_lines": [302, 303, 304, 305, 306, 307, 308, 309, 310, 311], "summary": {"covered_lines": 10, "num_statements": 10, "percent_covered": 93.75, "percent_covered_display": "94", "missing_lines": 0, "excluded_lines": 0, "percent_statements_covered": 100.0, "percent_statements_covered_display": "100", "num_branches": 6, "num_partial_branches": 1, "covered_branches": 5, "missing_branches": 1, "percent_branches_covered": 83.33333333333333, "percent_branches_covered_display": "83"}, "missing_lines": [], "excluded_lines": [], "executed_branches": [[303, 304], [303, 311], [305, 306], [305, 310], [307, 308]], "missing_branches": [[307, 309]]}, "_get_coaching_areas": {"executed_lines": [323, 324, 325, 326, 327, 328, 330, 334, 335], "summary": {"covered_lines": 9, "num_statements": 10, "percent_covered": 88.88888888888889, "percent_covered_display": "89", "missing_lines": 1, "excluded_lines": 0, "percent_statements_covered": 90.0, "percent_statements_covered_display": "90", "num_branches": 8, "num_partial_branches": 1, "covered_branches": 7, "missing_branches": 1, "percent_branches_covered": 87.5, "percent_branches_covered_display": "88"}, "missing_lines": [329], "excluded_lines": [], "executed_branches": [[324, 325], [324, 326], [326, 327], [326, 328], [328, 330], [330, 334], [330, 335]], "missing_branches": [[328, 329]]}, "_register_time_coaching_tools": {"executed_lines": [341, 342, 354, 355, 385, 386, 413, 414], "summary": {"covered_lines": 8, "num_statements": 8, "percent_covered": 100.0, "percent_covered_display": "100", "missing_lines": 0, "excluded_lines": 0, "percent_statements_covered": 100.0, "percent_statements_covered_display": "100", "num_branches": 0, "num_partial_branches": 0, "covered_branches": 0, "missing_branches": 0, "percent_branches_covered": 100.0, "percent_branches_covered_display": "100"}, "missing_lines": [], "excluded_lines": [], "executed_branches": [], "missing_branches": []}, "_register_time_coaching_tools.query_user_time_context": {"executed_lines": [], "summary": {"covered_lines": 0, "num_statements": 2, "percent_covered": 0.0, "percent_covered_display": "0", "missing_lines": 2, "excluded_lines": 0, "percent_statements_covered": 0.0, "percent_statements_covered_display": "0", "num_branches": 0, "num_partial_branches": 0, "covered_branches": 0, "missing_branches": 0, "percent_branches_covered": 100.0, "percent_branches_covered_display": "100"}, "missing_lines": [348, 352], "excluded_lines": [], "executed_branches": [], "missing_branches": []}, "_register_time_coaching_tools.query_task_history": {"executed_lines": [], "summary": {"covered_lines": 0, "num_statements": 7, "percent_covered": 0.0, "percent_covered_display": "0", "missing_lines": 7, "excluded_lines": 0, "percent_statements_covered": 0.0, "percent_statements_covered_display": "0", "num_branches": 4, "num_partial_branches": 0, "covered_branches": 0, "missing_branches": 4, "percent_branches_covered": 0.0, "percent_branches_covered_display": "0"}, "missing_lines": [373, 375, 376, 378, 380, 381, 383], "excluded_lines": [], "executed_branches": [], "missing_branches": [[375, 376], [375, 378], [380, 381], [380, 383]]}, "_register_time_coaching_tools.query_commitment_time_rollup": {"executed_lines": [], "summary": {"covered_lines": 0, "num_statements": 4, "percent_covered": 0.0, "percent_covered_display": "0", "missing_lines": 4, "excluded_lines": 0, "percent_statements_covered": 0.0, "percent_statements_covered_display": "0", "num_branches": 0, "num_partial_branches": 0, "covered_branches": 0, "missing_branches": 0, "percent_branches_covered": 100.0, "percent_branches_covered_display": "100"}, "missing_lines": [399, 400, 402, 411], "excluded_lines": [], "executed_branches": [], "missing_branches": []}, "_register_time_coaching_tools.query_integrity_with_context": {"executed_lines": [], "summary": {"covered_lines": 0, "num_statements": 9, "percent_covered": 0.0, "percent_covered_display": "0", "missing_lines": 9, "excluded_lines": 0, "percent_statements_covered": 0.0, "percent_statements_covered_display": "0", "num_branches": 2, "num_partial_branches": 0, "covered_branches": 0, "missing_branches": 2, "percent_branches_covered": 0.0, "percent_branches_covered_display": "0"}, "missing_lines": [420, 421, 423, 424, 444, 445, 446, 447, 449], "excluded_lines": [], "executed_branches": [], "missing_branches": [[445, 446], [445, 449]]}, "register_tools": {"executed_lines": [458, 459, 460, 461, 462], "summary": {"covered_lines": 5, "num_statements": 5, "percent_covered": 100.0, "percent_covered_display": "100", "missing_lines": 0, "excluded_lines": 0, "percent_statements_covered": 100.0, "percent_statements_covered_display": "100", "num_branches": 0, "num_partial_branches": 0, "covered_branches": 0, "missing_branches": 0, "percent_branches_covered": 100.0, "percent_branches_covered_display": "100"}, "missing_lines": [], "excluded_lines": [], "executed_branches": [], "missing_branches": []}, "": {"executed_lines": [1, 7, 9, 11, 13, 15, 17, 18, 19, 21, 22, 23, 24, 25, 26, 34, 35, 36, 44, 45, 46, 47, 48, 51, 84, 117, 147, 174, 206, 244, 273, 292, 314, 338, 452], "summary": {"covered_lines": 33, "num_statements": 33, "percent_covered": 100.0, "percent_covered_display": "100", "missing_lines": 0, "excluded_lines": 2, "percent_statements_covered": 100.0, "percent_statements_covered_display": "100", "num_branches": 0, "num_partial_branches": 0, "covered_branches": 0, "missing_branches": 0, "percent_branches_covered": 100.0, "percent_branches_covered_display": "100"}, "missing_lines": [], "excluded_lines": [13, 14], "executed_branches": [], "missing_branches": []}}, "classes": {"": {"executed_lines": [1, 7, 9, 11, 13, 15, 17, 18, 19, 21, 22, 23, 24, 25, 26, 34, 35, 36, 44, 45, 46, 47, 48, 51, 60, 62, 69, 84, 93, 94, 104, 117, 127, 128, 135, 147, 157, 158, 162, 174, 183, 184, 193, 206, 209, 210, 218, 219, 227, 228, 244, 247, 248, 263, 264, 273, 283, 289, 292, 302, 303, 304, 305, 306, 307, 308, 309, 310, 311, 314, 323, 324, 325, 326, 327, 328, 330, 334, 335, 338, 341, 342, 354, 355, 385, 386, 413, 414, 452, 458, 459, 460, 461, 462], "summary": {"covered_lines": 92, "num_statements": 129, "percent_covered": 67.97385620915033, "percent_covered_display": "68", "missing_lines": 37, "excluded_lines": 2, "percent_statements_covered": 71.31782945736434, "percent_statements_covered_display": "71", "num_branches": 24, "num_partial_branches": 2, "covered_branches": 12, "missing_branches": 12, "percent_branches_covered": 50.0, "percent_branches_covered_display": "50"}, "missing_lines": [215, 216, 224, 225, 238, 239, 240, 241, 258, 259, 260, 261, 269, 270, 329, 348, 352, 373, 375, 376, 378, 380, 381, 383, 399, 400, 402, 411, 420, 421, 423, 424, 444, 445, 446, 447, 449], "excluded_lines": [13, 14], "executed_branches": [[303, 304], [303, 311], [305, 306], [305, 310], [307, 308], [324, 325], [324, 326], [326, 327], [326, 328], [328, 330], [330, 334], [330, 335]], "missing_branches": [[239, 240], [239, 241], [259, 260], [259, 261], [307, 309], [328, 329], [375, 376], [375, 378], [380, 381], [380, 383], [445, 446], [445, 449]]}}}, "src/jdo/ai/triage.py": {"executed_lines": [1, 7, 9, 11, 12, 14, 15, 16, 19, 22, 31, 32, 34, 37, 38, 41, 44, 47, 48, 50, 53, 54, 55, 64, 65, 66, 68, 69, 75, 76, 77, 79, 80, 86, 87, 88, 89, 95, 134, 150, 165, 167, 170, 171, 173, 175, 176, 182, 191, 198], "summary": {"covered_lines": 46, "num_statements": 60, "percent_covered": 75.0, "percent_covered_display": "75", "missing_lines": 14, "excluded_lines": 0, "percent_statements_covered": 76.66666666666667, "percent_statements_covered_display": "77", "num_branches": 12, "num_partial_branches": 0, "covered_branches": 8, "missing_branches": 4, "percent_branches_covered": 66.66666666666667, "percent_branches_covered_display": "67"}, "missing_lines": [90, 91, 140, 141, 143, 210, 212, 215, 216, 218, 219, 220, 225, 233], "excluded_lines": [], "executed_branches": [[75, 76], [75, 77], [86, 87], [86, 88], [173, 175], [173, 191], [175, 176], [175, 182]], "missing_branches": [[218, 219], [218, 233], [219, 220], [219, 225]], "functions": {"TriageAnalysis.is_confident": {"executed_lines": [75, 76, 77], "summary": {"covered_lines": 3, "num_statements": 3, "percent_covered": 100.0, "percent_covered_display": "100", "missing_lines": 0, "excluded_lines": 0, "percent_statements_covered": 100.0, "percent_statements_covered_display": "100", "num_branches": 2, "num_partial_branches": 0, "covered_branches": 2, "missing_branches": 0, "percent_branches_covered": 100.0, "percent_branches_covered_display": "100"}, "missing_lines": [], "excluded_lines": [], "executed_branches": [[75, 76], [75, 77]], "missing_branches": []}, "TriageAnalysis.suggested_entity_type": {"executed_lines": [86, 87, 88, 89], "summary": {"covered_lines": 4, "num_statements": 6, "percent_covered": 75.0, "percent_covered_display": "75", "missing_lines": 2, "excluded_lines": 0, "percent_statements_covered": 66.66666666666667, "percent_statements_covered_display": "67", "num_branches": 2, "num_partial_branches": 0, "covered_branches": 2, "missing_branches": 0, "percent_branches_covered": 100.0, "percent_branches_covered_display": "100"}, "missing_lines": [90, 91], "excluded_lines": [], "executed_branches": [[86, 87], [86, 88]], "missing_branches": []}, "_get_triage_agent": {"executed_lines": [], "summary": {"covered_lines": 0, "num_statements": 3, "percent_covered": 0.0, "percent_covered_display": "0", "missing_lines": 3, "excluded_lines": 0, "percent_statements_covered": 0.0, "percent_statements_covered_display": "0", "num_branches": 0, "num_partial_branches": 0, "covered_branches": 0, "missing_branches": 0, "percent_branches_covered": 100.0, "percent_branches_covered_display": "100"}, "missing_lines": [140, 141, 143], "excluded_lines": [], "executed_branches": [], "missing_branches": []}, "classify_triage_item": {"executed_lines": [165, 167, 170, 171, 173, 175, 176, 182, 191], "summary": {"covered_lines": 9, "num_statements": 9, "percent_covered": 100.0, "percent_covered_display": "100", "missing_lines": 0, "excluded_lines": 0, "percent_statements_covered": 100.0, "percent_statements_covered_display": "100", "num_branches": 4, "num_partial_branches": 0, "covered_branches": 4, "missing_branches": 0, "percent_branches_covered": 100.0, "percent_branches_covered_display": "100"}, "missing_lines": [], "excluded_lines": [], "executed_branches": [[173, 175], [173, 191], [175, 176], [175, 182]], "missing_branches": []}, "classify_triage_item_async": {"executed_lines": [], "summary": {"covered_lines": 0, "num_statements": 9, "percent_covered": 0.0, "percent_covered_display": "0", "missing_lines": 9, "excluded_lines": 0, "percent_statements_covered": 0.0, "percent_statements_covered_display": "0", "num_branches": 4, "num_partial_branches": 0, "covered_branches": 0, "missing_branches": 4, "percent_branches_covered": 0.0, "percent_branches_covered_display": "0"}, "missing_lines": [210, 212, 215, 216, 218, 219, 220, 225, 233], "excluded_lines": [], "executed_branches": [], "missing_branches": [[218, 219], [218, 233], [219, 220], [219, 225]]}, "": {"executed_lines": [1, 7, 9, 11, 12, 14, 15, 16, 19, 22, 31, 32, 34, 37, 38, 41, 44, 47, 48, 50, 53, 54, 55, 64, 65, 66, 68, 69, 79, 80, 95, 134, 150, 198], "summary": {"covered_lines": 30, "num_statements": 30, "percent_covered": 100.0, "percent_covered_display": "100", "missing_lines": 0, "excluded_lines": 0, "percent_statements_covered": 100.0, "percent_statements_covered_display": "100", "num_branches": 0, "num_partial_branches": 0, "covered_branches": 0, "missing_branches": 0, "percent_branches_covered": 100.0, "percent_branches_covered_display": "100"}, "missing_lines": [], "excluded_lines": [], "executed_branches": [], "missing_branches": []}}, "classes": {"TriageClassification": {"executed_lines": [], "summary": {"covered_lines": 0, "num_statements": 0, "percent_covered": 100.0, "percent_covered_display": "100", "missing_lines": 0, "excluded_lines": 0, "percent_statements_covered": 100.0, "percent_statements_covered_display": "100", "num_branches": 0, "num_partial_branches": 0, "covered_branches": 0, "missing_branches": 0, "percent_branches_covered": 100.0, "percent_branches_covered_display": "100"}, "missing_lines": [], "excluded_lines": [], "executed_branches": [], "missing_branches": []}, "ClarifyingQuestion": {"executed_lines": [], "summary": {"covered_lines": 0, "num_statements": 0, "percent_covered": 100.0, "percent_covere
[...]
"missing_lines": [119, 184, 231, 238, 302, 303, 389, 391, 393, 395, 396, 397, 400, 412, 418, 420, 421, 422, 423, 424, 534, 535, 536, 537, 576, 593, 594, 595, 596, 598, 599, 617, 618, 619, 624, 626, 627, 628, 630, 631, 632, 633, 635, 636, 642, 643, 648, 650, 651, 652, 654, 655, 656, 657, 658, 660, 661, 668, 669, 692, 693, 694, 697, 698, 699, 702, 703, 706, 709, 712, 713, 715, 755, 758, 759, 760, 763, 764, 765, 766, 769, 775, 777, 778, 784, 785, 795, 797, 798, 800, 803, 804, 806, 809, 810, 812, 814, 815, 816, 818, 819, 827, 828, 829, 831, 832], "excluded_lines": [47, 48, 49], "executed_branches": [[113, 114], [113, 117], [118, 122], [177, 178], [177, 180], [180, 181], [180, 190], [183, 185], [213, 214], [213, 218], [224, 225], [224, 230], [230, 236], [237, 239], [239, 240], [239, 243], [244, 245], [244, 251], [247, 248], [247, 251], [251, -199], [251, 252], [253, 254], [253, 255], [285, 291], [285, 306], [291, 293], [291, 298], [306, 307], [306, 318], [318, 319], [318, 320], [320, 321], [320, 323], [346, 347], [346, 350], [350, 351], [350, 354], [354, 355], [354, 358], [358, 360], [358, 364], [364, 365], [364, 368], [383, 384], [443, 444], [443, 446], [449, 450], [449, 453], [453, 454], [453, 459], [477, 478], [477, 497], [539, 540], [539, 544], [551, 552], [553, 554], [555, 556], [557, 558], [557, 559], [575, -525], [591, 592], [613, 614]], "missing_branches": [[118, 119], [183, 184], [230, 231], [237, 238], [383, 389], [551, 553], [553, 555], [555, 559], [575, 576], [591, 593], [593, 594], [593, 595], [595, 596], [595, 598], [613, 617], [626, 627], [626, 630], [635, 636], [635, 642], [650, 651], [650, 654], [660, 661], [660, 668], [692, 693], [692, 697], [697, 698], [697, 702], [702, 703], [702, 706], [712, 713], [712, 715], [758, 759], [758, 763], [803, 804], [803, 806], [809, 797], [809, 810]]}}}, "src/jdo/repl/session.py": {"executed_lines": [1, 7, 9, 10, 11, 15, 18, 21, 24, 25, 26, 31, 32, 34, 41, 42, 44, 46, 47, 49, 50, 52, 55, 56, 57, 62, 63, 64, 65, 68, 69, 76, 78, 79, 80, 81, 83, 84, 86, 92, 93, 95, 101, 102, 104, 112, 113, 115, 121, 126, 128, 135, 137, 139, 141, 156, 163, 165, 167, 168, 170, 172, 178, 180, 189, 190, 191], "summary": {"covered_lines": 63, "num_statements": 64, "percent_covered": 95.71428571428571, "percent_covered_display": "96", "missing_lines": 1, "excluded_lines": 0, "percent_statements_covered": 98.4375, "percent_statements_covered_display": "98", "num_branches": 6, "num_partial_branches": 2, "covered_branches": 4, "missing_branches": 2, "percent_branches_covered": 66.66666666666667, "percent_branches_covered_display": "67"}, "missing_lines": [192], "excluded_lines": [], "executed_branches": [[121, -115], [121, 126], [189, 190], [191, -180]], "missing_branches": [[189, 191], [191, 192]], "functions": {"EntityContext.set": {"executed_lines": [41, 42], "summary": {"covered_lines": 2, "num_statements": 2, "percent_covered": 100.0, "percent_covered_display": "100", "missing_lines": 0, "excluded_lines": 0, "percent_statements_covered": 100.0, "percent_statements_covered_display": "100", "num_branches": 0, "num_partial_branches": 0, "covered_branches": 0, "missing_branches": 0, "percent_branches_covered": 100.0, "percent_branches_covered_display": "100"}, "missing_lines": [], "excluded_lines": [], "executed_branches": [], "missing_branches": []}, "EntityContext.clear": {"executed_lines": [46, 47], "summary": {"covered_lines": 2, "num_statements": 2, "percent_covered": 100.0, "percent_covered_display": "100", "missing_lines": 0, "excluded_lines": 0, "percent_statements_covered": 100.0, "percent_statements_covered_display": "100", "num_branches": 0, "num_partial_branches": 0, "covered_branches": 0, "missing_branches": 0, "percent_branches_covered": 100.0, "percent_branches_covered_display": "100"}, "missing_lines": [], "excluded_lines": [], "executed_branches": [], "missing_branches": []}, "EntityContext.is_set": {"executed_lines": [52], "summary": {"covered_lines": 1, "num_statements": 1, "percent_covered": 100.0, "percent_covered_display": "100", "missing_lines": 0, "excluded_lines": 0, "percent_statements_covered": 100.0, "percent_statements_covered_display": "100", "num_branches": 0, "num_partial_branches": 0, "covered_branches": 0, "missing_branches": 0, "percent_branches_covered": 100.0, "percent_branches_covered_display": "100"}, "missing_lines": [], "excluded_lines": [], "executed_branches": [], "missing_branches": []}, "Session.__init__": {"executed_lines": [78, 79, 80, 81, 83, 84], "summary": {"covered_lines": 6, "num_statements": 6, "percent_covered": 100.0, "percent_covered_display": "100", "missing_lines": 0, "excluded_lines": 0, "percent_statements_covered": 100.0, "percent_statements_covered_display": "100", "num_branches": 0, "num_partial_branches": 0, "covered_branches": 0, "missing_branches": 0, "percent_branches_covered": 100.0, "percent_branches_covered_display": "100"}, "missing_lines": [], "excluded_lines": [], "executed_branches": [], "missing_branches": []}, "Session.add_user_message": {"executed_lines": [92, 93], "summary": {"covered_lines": 2, "num_statements": 2, "percent_covered": 100.0, "percent_covered_display": "100", "missing_lines": 0, "excluded_lines": 0, "percent_statements_covered": 100.0, "percent_statements_covered_display": "100", "num_branches": 0, "num_partial_branches": 0, "covered_branches": 0, "missing_branches": 0, "percent_branches_covered": 100.0, "percent_branches_covered_display": "100"}, "missing_lines": [], "excluded_lines": [], "executed_branches": [], "missing_branches": []}, "Session.add_assistant_message": {"executed_lines": [101, 102], "summary": {"covered_lines": 2, "num_statements": 2, "percent_covered": 100.0, "percent_covered_display": "100", "missing_lines": 0, "excluded_lines": 0, "percent_statements_covered": 100.0, "percent_statements_covered_display": "100", "num_branches": 0, "num_partial_branches": 0, "covered_branches": 0, "missing_branches": 0, "percent_branches_covered": 100.0, "percent_branches_covered_display": "100"}, "missing_lines": [], "excluded_lines": [], "executed_branches": [], "missing_branches": []}, "Session._estimate_tokens": {"executed_lines": [112, 113], "summary": {"covered_lines": 2, "num_statements": 2, "percent_covered": 100.0, "percent_covered_display": "100", "missing_lines": 0, "excluded_lines": 0, "percent_statements_covered": 100.0, "percent_statements_covered_display": "100", "num_branches": 0, "num_partial_branches": 0, "covered_branches": 0, "missing_branches": 0, "percent_branches_covered": 100.0, "percent_branches_covered_display": "100"}, "missing_lines": [], "excluded_lines": [], "executed_branches": [], "missing_branches": []}, "Session._prune_history_if_needed": {"executed_lines": [121, 126], "summary": {"covered_lines": 2, "num_statements": 2, "percent_covered": 100.0, "percent_covered_display": "100", "missing_lines": 0, "excluded_lines": 0, "percent_statements_covered": 100.0, "percent_statements_covered_display": "100", "num_branches": 2, "num_partial_branches": 0, "covered_branches": 2, "missing_branches": 0, "percent_branches_covered": 100.0, "percent_branches_covered_display": "100"}, "missing_lines": [], "excluded_lines": [], "executed_branches": [[121, -115], [121, 126]], "missing_branches": []}, "Session.set_entity_context": {"executed_lines": [135], "summary": {"covered_lines": 1, "num_statements": 1, "percent_covered": 100.0, "percent_covered_display": "100", "missing_lines": 0, "excluded_lines": 0, "percent_statements_covered": 100.0, "percent_statements_covered_display": "100", "num_branches": 0, "num_partial_branches": 0, "covered_branches": 0, "missing_branches": 0, "percent_branches_covered": 100.0, "percent_branches_covered_display": "100"}, "missing_lines": [], "excluded_lines": [], "executed_branches": [], "missing_branches": []}, "Session.clear_entity_context": {"executed_lines": [139], "summary": {"covered_lines": 1, "num_statements": 1, "percent_covered": 100.0, "percent_covered_display": "100", "missing_lines": 0, "excluded_lines": 0, "percent_statements_covered": 100.0, "percent_statements_covered_display": "100", "num_branches": 0, "num_partial_branches": 0, "covered_branches": 0, "missing_branches": 0, "percent_branches_covered": 100.0, "percent_branches_covered_display": "100"}, "missing_lines": [], "excluded_lines": [], "executed_branches": [], "missing_branches": []}, "Session.set_pending_draft": {"executed_lines": [156], "summary": {"covered_lines": 1, "num_statements": 1, "percent_covered": 100.0, "percent_covered_display": "100", "missing_lines": 0, "excluded_lines": 0, "percent_statements_covered": 100.0, "percent_statements_covered_display": "100", "num_branches": 0, "num_partial_branches": 0, "covered_branches": 0, "missing_branches": 0, "percent_branches_covered": 100.0, "percent_branches_covered_display": "100"}, "missing_lines": [], "excluded_lines": [], "executed_branches": [], "missing_branches": []}, "Session.clear_pending_draft": {"executed_lines": [165], "summary": {"covered_lines": 1, "num_statements": 1, "percent_covered": 100.0, "percent_covered_display": "100", "missing_lines": 0, "excluded_lines": 0, "percent_statements_covered": 100.0, "percent_statements_covered_display": "100", "num_branches": 0, "num_partial_branches": 0, "covered_branches": 0, "missing_branches": 0, "percent_branches_covered": 100.0, "percent_branches_covered_display": "100"}, "missing_lines": [], "excluded_lines": [], "executed_branches": [], "missing_branches": []}, "Session.has_pending_draft": {"executed_lines": [170], "summary": {"covered_lines": 1, "num_statements": 1, "percent_covered": 100.0, "percent_covered_display": "100", "missing_lines": 0, "excluded_lines": 0, "percent_statements_covered": 100.0, "percent_statements_covered_display": "100", "num_branches": 0, "num_partial_branches": 0, "covered_branches": 0, "missing_branches": 0, "percent_branches_covered": 100.0, "percent_branches_covered_display": "100"}, "missing_lines": [], "excluded_lines": [], "executed_branches": [], "missing_branches": []}, "Session.get_history_for_ai": {"executed_lines": [178], "summary": {"covered_lines": 1, "num_statements": 1, "percent_covered": 100.0, "percent_covered_display": "100", "missing_lines": 0, "excluded_lines": 0, "percent_statements_covered": 100.0, "percent_statements_covered_display": "100", "num_branches": 0, "num_partial_branches": 0, "covered_branches": 0, "missing_branches": 0, "percent_branches_covered": 100.0, "percent_branches_covered_display": "100"}, "missing_lines": [], "excluded_lines": [], "executed_branches": [], "missing_branches": []}, "Session.update_cached_counts": {"executed_lines": [189, 190, 191], "summary": {"covered_lines": 3, "num_statements": 4, "percent_covered": 62.5, "percent_covered_display": "62", "missing_lines": 1, "excluded_lines": 0, "percent_statements_covered": 75.0, "percent_statements_covered_display": "75", "num_branches": 4, "num_partial_branches": 2, "covered_branches": 2, "missing_branches": 2, "percent_branches_covered": 50.0, "percent_branches_covered_display": "50"}, "missing_lines": [192], "excluded_lines": [], "executed_branches": [[189, 190], [191, -180]], "missing_branches": [[189, 191], [191, 192]]}, "": {"executed_lines": [1, 7, 9, 10, 11, 15, 18, 21, 24, 25, 26, 31, 32, 34, 44, 49, 50, 55, 56, 57, 62, 63, 64, 65, 68, 69, 76, 86, 95, 104, 115, 128, 137, 141, 163, 167, 168, 172, 180], "summary": {"covered_lines": 35, "num_statements": 35, "percent_covered": 100.0, "percent_covered_display": "100", "missing_lines": 0, "excluded_lines": 0, "percent_statements_covered": 100.0, "percent_statements_covered_display": "100", "num_branches": 0, "num_partial_branches": 0, "covered_branches": 0, "missing_branches": 0, "percent_branches_covered": 100.0, "percent_branches_covered_display": "100"}, "missing_lines": [], "excluded_lines": [], "executed_branches": [], "missing_branches": []}}, "classes": {"EntityContext": {"executed_lines": [41, 42, 46, 47, 52], "summary": {"covered_lines": 5, "num_statements": 5, "percent_covered": 100.0, "percent_covered_display": "100", "missing_lines": 0, "excluded_lines": 0, "percent_statements_covered": 100.0, "percent_statements_covered_display": "100", "num_branches": 0, "num_partial_branches": 0, "covered_branches": 0, "missing_branches": 0, "percent_branches_covered": 100.0, "percent_branches_covered_display": "100"}, "missing_lines": [], "excluded_lines": [], "executed_branches": [], "missing_branches": []}, "PendingDraft": {"executed_lines": [], "summary": {"covered_lines": 0, "num_statements": 0, "percent_covered": 100.0, "percent_covered_display": "100", "missing_lines": 0, "excluded_lines": 0, "percent_statements_covered": 100.0, "percent_statements_covered_display": "100", "num_branches": 0, "num_partial_branches": 0, "covered_branches": 0, "missing_branches": 0, "percent_branches_covered": 100.0, "percent_branches_covered_display": "100"}, "missing_lines": [], "excluded_lines": [], "executed_branches": [], "missing_branches": []}, "Session": {"executed_lines": [78, 79, 80, 81, 83, 84, 92, 93, 101, 102, 112, 113, 121, 126, 135, 139, 156, 165, 170, 178, 189, 190, 191], "summary": {"covered_lines": 23, "num_statements": 24, "percent_covered": 90.0, "percent_covered_display": "90", "missing_lines": 1, "excluded_lines": 0, "percent_statements_covered": 95.83333333333333, "percent_statements_covered_display": "96", "num_branches": 6, "num_partial_branches": 2, "covered_branches": 4, "missing_branches": 2, "percent_branches_covered": 66.66666666666667, "percent_branches_covered_display": "67"}, "missing_lines": [192], "excluded_lines": [], "executed_branches": [[121, -115], [121, 126], [189, 190], [191, -180]], "missing_branches": [[189, 191], [191, 192]]}, "": {"executed_lines": [1, 7, 9, 10, 11, 15, 18, 21, 24, 25, 26, 31, 32, 34, 44, 49, 50, 55, 56, 57, 62, 63, 64, 65, 68, 69, 76, 86, 95, 104, 115, 128, 137, 141, 163, 167, 168, 172, 180], "summary": {"covered_lines": 35, "num_statements": 35, "percent_covered": 100.0, "percent_covered_display": "100", "missing_lines": 0, "excluded_lines": 0, "percent_statements_covered": 100.0, "percent_statements_covered_display": "100", "num_branches": 0, "num_partial_branches": 0, "covered_branches": 0, "missing_branches": 0, "percent_branches_covered": 100.0, "percent_branches_covered_display": "100"}, "missing_lines": [], "excluded_lines": [], "executed_branches": [], "missing_branches": []}}}, "src/jdo/retry.py": {"executed_lines": [1, 7, 9, 10, 12, 13, 21, 22, 23, 27, 32, 33, 36, 54], "summary": {"covered_lines": 13, "num_statements": 13, "percent_covered": 100.0, "percent_covered_display": "100", "missing_lines": 0, "excluded_lines": 0, "percent_statements_covered": 100.0, "percent_statements_covered_display": "100", "num_branches": 0, "num_partial_branches": 0, "covered_branches": 0, "missing_branches": 0, "percent_branches_covered": 100.0, "percent_branches_covered_display": "100"}, "missing_lines": [], "excluded_lines": [], "executed_branches": [], "missing_branches": [], "functions": {"http_retry": {"executed_lines": [54], "summary": {"covered_lines": 1, "num_statements": 1, "percent_covered": 100.0, "percent_covered_display": "100", "missing_lines": 0, "excluded_lines": 0, "percent_statements_covered": 100.0, "percent_statements_covered_display": "100", "num_branches": 0, "num_partial_branches": 0, "covered_branches": 0, "missing_branches": 0, "percent_branches_covered": 100.0, "percent_branches_covered_display": "100"}, "missing_lines": [], "excluded_lines": [], "executed_branches": [], "missing_branches": []}, "": {"executed_lines": [1, 7, 9, 10, 12, 13, 21, 22, 23, 27, 32, 33, 36], "summary": {"covered_lines": 12, "num_statements": 12, "percent_covered": 100.0, "percent_covered_display": "100", "missing_lines": 0, "excluded_lines": 0, "percent_statements_covered": 100.0, "percent_statements_covered_display": "100", "num_branches": 0, "num_partial_branches": 0, "covered_branches": 0, "missing_branches": 0, "percent_branches_covered": 100.0, "percent_branches_covered_display": "100"}, "missing_lines": [], "excluded_lines": [], "executed_branches": [], "missing_branches": []}}, "classes": {"": {"executed_lines": [1, 7, 9, 10, 12, 13, 21, 22, 23, 27, 32, 33, 36, 54], "summary": {"covered_lines": 13, "num_statements": 13, "percent_covered": 100.0, "percent_covered_display": "100", "missing_lines": 0, "excluded_lines": 0, "percent_statements_covered": 100.0, "percent_statements_covered_display": "100", "num_branches": 0, "num_partial_branches": 0, "covered_branches": 0, "missing_branches": 0, "percent_branches_covered": 100.0, "percent_branches_covered_display": "100"}, "missing_lines": [], "excluded_lines": [], "executed_branches": [], "missing_branches": []}}}, "src/jdo/utils/datetime.py": {"executed_lines": [1, 3, 5, 7, 8, 11, 17, 20, 26], "summary": {"covered_lines": 8, "num_statements": 8, "percent_covered": 100.0, "percent_covered_display": "100", "missing_lines": 0, "excluded_lines": 0, "percent_statements_covered": 100.0, "percent_statements_covered_display": "100", "num_branches": 0, "num_partial_branches": 0, "covered_branches": 0, "missing_branches": 0, "percent_branches_covered": 100.0, "percent_branches_covered_display": "100"}, "missing_lines": [], "excluded_lines": [], "executed_branches": [], "missing_branches": [], "functions": {"utc_now": {"executed_lines": [17], "summary": {"covered_lines": 1, "num_statements": 1, "percent_covered": 100.0, "percent_covered_display": "100", "missing_lines": 0, "excluded_lines": 0, "percent_statements_covered": 100.0, "percent_statements_covered_display": "100", "num_branches": 0, "num_partial_branches": 0, "covered_branches": 0, "missing_branches": 0, "percent_branches_covered": 100.0, "percent_branches_covered_display": "100"}, "missing_lines": [], "excluded_lines": [], "executed_branches": [], "missing_branches": []}, "today_date": {"executed_lines": [26], "summary": {"covered_lines": 1, "num_statements": 1, "percent_covered": 100.0, "percent_covered_display": "100", "missing_lines": 0, "excluded_lines": 0, "percent_statements_covered": 100.0, "percent_statements_covered_display": "100", "num_branches": 0, "num_partial_branches": 0, "covered_branches": 0, "missing_branches": 0, "percent_branches_covered": 100.0, "percent_branches_covered_display": "100"}, "missing_lines": [], "excluded_lines": [], "executed_branches": [], "missing_branches": []}, "": {"executed_lines": [1, 3, 5, 7, 8, 11, 20], "summary": {"covered_lines": 6, "num_statements": 6, "percent_covered": 100.0, "percent_covered_display": "100", "missing_lines": 0, "excluded_lines": 0, "percent_statements_covered": 100.0, "percent_statements_covered_display": "100", "num_branches": 0, "num_partial_branches": 0, "covered_branches": 0, "missing_branches": 0, "percent_branches_covered": 100.0, "percent_branches_covered_display": "100"}, "missing_lines": [], "excluded_lines": [], "executed_branches": [], "missing_branches": []}}, "classes": {"": {"executed_lines": [1, 3, 5, 7, 8, 11, 17, 20, 26], "summary": {"covered_lines": 8, "num_statements": 8, "percent_covered": 100.0, "percent_covered_display": "100", "missing_lines": 0, "excluded_lines": 0, "percent_statements_covered": 100.0, "percent_statements_covered_display": "100", "num_branches": 0, "num_partial_branches": 0, "covered_branches": 0, "missing_branches": 0, "percent_branches_covered": 100.0, "percent_branches_covered_display": "100"}, "missing_lines": [], "excluded_lines": [], "executed_branches": [], "missing_branches": []}}}}, "totals": {"covered_lines": 4048, "num_statements": 4560, "percent_covered": 86.294240111034, "percent_covered_display": "86", "missing_lines": 512, "excluded_lines": 29, "percent_statements_covered": 88.7719298245614, "percent_statements_covered_display": "89", "num_branches": 1204, "num_partial_branches": 144, "covered_branches": 926, "missing_branches": 278, "percent_branches_covered": 76.91029900332227, "percent_branches_covered_display": "77"}}